<?xml version="1.0" encoding="UTF-8"?>
<Site BuildName="(empty)"
	BuildStamp="20260429-0411-Experimental"
	Name="yahboom-VM"
	Generator="ctest-3.22.1"
	CompilerName="/usr/bin/c++"
	CompilerVersion="11.4.0"
	OSName="Linux"
	Hostname="yahboom-VM"
	OSRelease="6.8.0-110-generic"
	OSVersion="#110~22.04.1-Ubuntu SMP PREEMPT_DYNAMIC Fri Mar 27 12:43:08 UTC "
	OSPlatform="x86_64"
	Is64Bits="1"
	VendorString="AuthenticAMD"
	VendorID="Advanced Micro Devices"
	FamilyID="25"
	ModelID="116"
	ProcessorCacheSize="1024"
	NumberOfLogicalCPU="6"
	NumberOfPhysicalCPU="6"
	TotalVirtualMemory="3897"
	TotalPhysicalMemory="12922"
	LogicalProcessorsPerPhysical="1"
	ProcessorClockFrequency="3792.63"
	>
	<Testing>
		<StartDateTime>Apr 29 12:11 CST</StartDateTime>
		<StartTestTime>1777435875</StartTestTime>
		<TestList>
			<Test>./test_usb_cam_utils</Test>
			<Test>./test_pixel_formats</Test>
			<Test>./copyright</Test>
			<Test>./cppcheck</Test>
			<Test>./cpplint</Test>
			<Test>./flake8</Test>
			<Test>./lint_cmake</Test>
			<Test>./pep257</Test>
			<Test>./uncrustify</Test>
			<Test>./xmllint</Test>
		</TestList>
		<Test Status="passed">
			<Name>test_usb_cam_utils</Name>
			<Path>.</Path>
			<FullName>./test_usb_cam_utils</FullName>
			<FullCommandLine>/usr/bin/python3.10 "-u" "/opt/ros/humble/share/ament_cmake_test/cmake/run_test.py" "/home/yahboom/usb/build/usb_cam/test_results/usb_cam/test_usb_cam_utils.gtest.xml" "--package-name" "usb_cam" "--output-file" "/home/yahboom/usb/build/usb_cam/ament_cmake_gtest/test_usb_cam_utils.txt" "--command" "/home/yahboom/usb/build/usb_cam/test_usb_cam_utils" "--gtest_output=xml:/home/yahboom/usb/build/usb_cam/test_results/usb_cam/test_usb_cam_utils.gtest.xml"</FullCommandLine>
			<Results>
				<NamedMeasurement type="numeric/double" name="Execution Time">
					<Value>0.0921392</Value>
				</NamedMeasurement>
				<NamedMeasurement type="numeric/double" name="Processors">
					<Value>1</Value>
				</NamedMeasurement>
				<NamedMeasurement type="text/string" name="Completion Status">
					<Value>Completed</Value>
				</NamedMeasurement>
				<NamedMeasurement type="text/string" name="Command Line">
					<Value>/usr/bin/python3.10 "-u" "/opt/ros/humble/share/ament_cmake_test/cmake/run_test.py" "/home/yahboom/usb/build/usb_cam/test_results/usb_cam/test_usb_cam_utils.gtest.xml" "--package-name" "usb_cam" "--output-file" "/home/yahboom/usb/build/usb_cam/ament_cmake_gtest/test_usb_cam_utils.txt" "--command" "/home/yahboom/usb/build/usb_cam/test_usb_cam_utils" "--gtest_output=xml:/home/yahboom/usb/build/usb_cam/test_results/usb_cam/test_usb_cam_utils.gtest.xml"</Value>
				</NamedMeasurement>
				<NamedMeasurement type="text/string" name="Environment">
					<Value>#CTEST_RESOURCE_GROUP_COUNT=</Value>
				</NamedMeasurement>
				<Measurement>
					<Value>-- run_test.py: invoking following command in '/home/yahboom/usb/build/usb_cam':
 - /home/yahboom/usb/build/usb_cam/test_usb_cam_utils --gtest_output=xml:/home/yahboom/usb/build/usb_cam/test_results/usb_cam/test_usb_cam_utils.gtest.xml
Running main() from /opt/ros/humble/src/gtest_vendor/src/gtest_main.cc
[==========] Running 3 tests from 1 test suite.
[----------] Global test environment set-up.
[----------] 3 tests from test_usb_cam_utils
[ RUN      ] test_usb_cam_utils.test_io_method_from_string
[       OK ] test_usb_cam_utils.test_io_method_from_string (0 ms)
[ RUN      ] test_usb_cam_utils.test_clip_value
[       OK ] test_usb_cam_utils.test_clip_value (2 ms)
[ RUN      ] test_usb_cam_utils.test_monotonic_to_real_time
[       OK ] test_usb_cam_utils.test_monotonic_to_real_time (0 ms)
[----------] 3 tests from test_usb_cam_utils (2 ms total)

[----------] Global test environment tear-down
[==========] 3 tests from 1 test suite ran. (2 ms total)
[  PASSED  ] 3 tests.
-- run_test.py: return code 0
-- run_test.py: inject classname prefix into gtest result file '/home/yahboom/usb/build/usb_cam/test_results/usb_cam/test_usb_cam_utils.gtest.xml'
-- run_test.py: verify result file '/home/yahboom/usb/build/usb_cam/test_results/usb_cam/test_usb_cam_utils.gtest.xml'
</Value>
				</Measurement>
			</Results>
			<Labels>
				<Label>gtest</Label>
			</Labels>
		</Test>
		<Test Status="passed">
			<Name>test_pixel_formats</Name>
			<Path>.</Path>
			<FullName>./test_pixel_formats</FullName>
			<FullCommandLine>/usr/bin/python3.10 "-u" "/opt/ros/humble/share/ament_cmake_test/cmake/run_test.py" "/home/yahboom/usb/build/usb_cam/test_results/usb_cam/test_pixel_formats.gtest.xml" "--package-name" "usb_cam" "--output-file" "/home/yahboom/usb/build/usb_cam/ament_cmake_gtest/test_pixel_formats.txt" "--command" "/home/yahboom/usb/build/usb_cam/test_pixel_formats" "--gtest_output=xml:/home/yahboom/usb/build/usb_cam/test_results/usb_cam/test_pixel_formats.gtest.xml"</FullCommandLine>
			<Results>
				<NamedMeasurement type="numeric/double" name="Execution Time">
					<Value>0.0604999</Value>
				</NamedMeasurement>
				<NamedMeasurement type="numeric/double" name="Processors">
					<Value>1</Value>
				</NamedMeasurement>
				<NamedMeasurement type="text/string" name="Completion Status">
					<Value>Completed</Value>
				</NamedMeasurement>
				<NamedMeasurement type="text/string" name="Command Line">
					<Value>/usr/bin/python3.10 "-u" "/opt/ros/humble/share/ament_cmake_test/cmake/run_test.py" "/home/yahboom/usb/build/usb_cam/test_results/usb_cam/test_pixel_formats.gtest.xml" "--package-name" "usb_cam" "--output-file" "/home/yahboom/usb/build/usb_cam/ament_cmake_gtest/test_pixel_formats.txt" "--command" "/home/yahboom/usb/build/usb_cam/test_pixel_formats" "--gtest_output=xml:/home/yahboom/usb/build/usb_cam/test_results/usb_cam/test_pixel_formats.gtest.xml"</Value>
				</NamedMeasurement>
				<NamedMeasurement type="text/string" name="Environment">
					<Value>#CTEST_RESOURCE_GROUP_COUNT=</Value>
				</NamedMeasurement>
				<Measurement>
					<Value>-- run_test.py: invoking following command in '/home/yahboom/usb/build/usb_cam':
 - /home/yahboom/usb/build/usb_cam/test_pixel_formats --gtest_output=xml:/home/yahboom/usb/build/usb_cam/test_results/usb_cam/test_pixel_formats.gtest.xml
Running main() from /opt/ros/humble/src/gtest_vendor/src/gtest_main.cc
[==========] Running 1 test from 1 test suite.
[----------] Global test environment set-up.
[----------] 1 test from test_pixel_formats
[ RUN      ] test_pixel_formats.pixel_format_base_class
[       OK ] test_pixel_formats.pixel_format_base_class (0 ms)
[----------] 1 test from test_pixel_formats (0 ms total)

[----------] Global test environment tear-down
[==========] 1 test from 1 test suite ran. (0 ms total)
[  PASSED  ] 1 test.
-- run_test.py: return code 0
-- run_test.py: inject classname prefix into gtest result file '/home/yahboom/usb/build/usb_cam/test_results/usb_cam/test_pixel_formats.gtest.xml'
-- run_test.py: verify result file '/home/yahboom/usb/build/usb_cam/test_results/usb_cam/test_pixel_formats.gtest.xml'
</Value>
				</Measurement>
			</Results>
			<Labels>
				<Label>gtest</Label>
			</Labels>
		</Test>
		<Test Status="failed">
			<Name>copyright</Name>
			<Path>.</Path>
			<FullName>./copyright</FullName>
			<FullCommandLine>/usr/bin/python3.10 "-u" "/opt/ros/humble/share/ament_cmake_test/cmake/run_test.py" "/home/yahboom/usb/build/usb_cam/test_results/usb_cam/copyright.xunit.xml" "--package-name" "usb_cam" "--output-file" "/home/yahboom/usb/build/usb_cam/ament_copyright/copyright.txt" "--command" "/opt/ros/humble/bin/ament_copyright" "--xunit-file" "/home/yahboom/usb/build/usb_cam/test_results/usb_cam/copyright.xunit.xml"</FullCommandLine>
			<Results>
				<NamedMeasurement type="text/string" name="Exit Code">
					<Value>Failed</Value>
				</NamedMeasurement>
				<NamedMeasurement type="text/string" name="Exit Value">
					<Value>1</Value>
				</NamedMeasurement>
				<NamedMeasurement type="numeric/double" name="Execution Time">
					<Value>1.31388</Value>
				</NamedMeasurement>
				<NamedMeasurement type="numeric/double" name="Processors">
					<Value>1</Value>
				</NamedMeasurement>
				<NamedMeasurement type="text/string" name="Completion Status">
					<Value>Completed</Value>
				</NamedMeasurement>
				<NamedMeasurement type="text/string" name="Command Line">
					<Value>/usr/bin/python3.10 "-u" "/opt/ros/humble/share/ament_cmake_test/cmake/run_test.py" "/home/yahboom/usb/build/usb_cam/test_results/usb_cam/copyright.xunit.xml" "--package-name" "usb_cam" "--output-file" "/home/yahboom/usb/build/usb_cam/ament_copyright/copyright.txt" "--command" "/opt/ros/humble/bin/ament_copyright" "--xunit-file" "/home/yahboom/usb/build/usb_cam/test_results/usb_cam/copyright.xunit.xml"</Value>
				</NamedMeasurement>
				<NamedMeasurement type="text/string" name="Environment">
					<Value>#CTEST_RESOURCE_GROUP_COUNT=</Value>
				</NamedMeasurement>
				<Measurement>
					<Value>-- run_test.py: invoking following command in '/home/yahboom/usb':
 - /opt/ros/humble/bin/ament_copyright --xunit-file /home/yahboom/usb/build/usb_cam/test_results/usb_cam/copyright.xunit.xml
build/usb_cam/CMakeFiles/3.22.1/CMakeCCompiler.cmake: could not find copyright notice
build/usb_cam/CMakeFiles/3.22.1/CMakeCXXCompiler.cmake: could not find copyright notice
build/usb_cam/CMakeFiles/3.22.1/CMakeSystem.cmake: could not find copyright notice
build/usb_cam/CMakeFiles/3.22.1/CompilerIdC/CMakeCCompilerId.c: could not find copyright notice
build/usb_cam/CMakeFiles/3.22.1/CompilerIdCXX/CMakeCXXCompilerId.cpp: could not find copyright notice
build/usb_cam/CMakeFiles/CMakeDirectoryInformation.cmake: could not find copyright notice
build/usb_cam/CMakeFiles/Makefile.cmake: could not find copyright notice
build/usb_cam/CMakeFiles/test_pixel_formats.dir/DependInfo.cmake: could not find copyright notice
build/usb_cam/CMakeFiles/test_pixel_formats.dir/cmake_clean.cmake: could not find copyright notice
build/usb_cam/CMakeFiles/test_usb_cam_utils.dir/DependInfo.cmake: could not find copyright notice
build/usb_cam/CMakeFiles/test_usb_cam_utils.dir/cmake_clean.cmake: could not find copyright notice
build/usb_cam/CMakeFiles/uninstall.dir/DependInfo.cmake: could not find copyright notice
build/usb_cam/CMakeFiles/uninstall.dir/cmake_clean.cmake: could not find copyright notice
build/usb_cam/CMakeFiles/usb_cam.dir/DependInfo.cmake: could not find copyright notice
build/usb_cam/CMakeFiles/usb_cam.dir/cmake_clean.cmake: could not find copyright notice
build/usb_cam/CMakeFiles/usb_cam_node.dir/DependInfo.cmake: could not find copyright notice
build/usb_cam/CMakeFiles/usb_cam_node.dir/cmake_clean.cmake: could not find copyright notice
build/usb_cam/CMakeFiles/usb_cam_node_exe.dir/DependInfo.cmake: could not find copyright notice
build/usb_cam/CMakeFiles/usb_cam_node_exe.dir/cmake_clean.cmake: could not find copyright notice
build/usb_cam/CMakeFiles/usb_cam_uninstall.dir/DependInfo.cmake: could not find copyright notice
build/usb_cam/CMakeFiles/usb_cam_uninstall.dir/cmake_clean.cmake: could not find copyright notice
build/usb_cam/CTestCustom.cmake: could not find copyright notice
build/usb_cam/CTestTestfile.cmake: could not find copyright notice
build/usb_cam/ament_cmake_core/package.cmake: could not find copyright notice
build/usb_cam/ament_cmake_core/usb_camConfig-version.cmake: could not find copyright notice
build/usb_cam/ament_cmake_core/usb_camConfig.cmake: could not find copyright notice
build/usb_cam/ament_cmake_export_dependencies/ament_cmake_export_dependencies-extras.cmake: could not find copyright notice
build/usb_cam/ament_cmake_export_include_directories/ament_cmake_export_include_directories-extras.cmake: could not find copyright notice
build/usb_cam/ament_cmake_export_libraries/ament_cmake_export_libraries-extras.cmake: could not find copyright notice
build/usb_cam/ament_cmake_package_templates/templates.cmake: could not find copyright notice
build/usb_cam/ament_cmake_uninstall_target/ament_cmake_uninstall_target.cmake: could not find copyright notice
build/usb_cam/cmake_install.cmake: could not find copyright notice
build/usb_cam/gtest/CMakeFiles/CMakeDirectoryInformation.cmake: could not find copyright notice
build/usb_cam/gtest/CMakeFiles/gtest.dir/DependInfo.cmake: could not find copyright notice
build/usb_cam/gtest/CMakeFiles/gtest.dir/cmake_clean.cmake: could not find copyright notice
build/usb_cam/gtest/CMakeFiles/gtest.dir/cmake_clean_target.cmake: could not find copyright notice
build/usb_cam/gtest/CMakeFiles/gtest_main.dir/DependInfo.cmake: could not find copyright notice
build/usb_cam/gtest/CMakeFiles/gtest_main.dir/cmake_clean.cmake: could not find copyright notice
build/usb_cam/gtest/CMakeFiles/gtest_main.dir/cmake_clean_target.cmake: could not find copyright notice
build/usb_cam/gtest/CTestTestfile.cmake: could not find copyright notice
build/usb_cam/gtest/cmake_install.cmake: could not find copyright notice
install/_local_setup_util_ps1.py: copyright=Dirk Thomas (2016-2019), license=&lt;unknown&gt;
install/_local_setup_util_sh.py: copyright=Dirk Thomas (2016-2019), license=&lt;unknown&gt;
install/usb_cam/share/usb_cam/cmake/ament_cmake_export_dependencies-extras.cmake: could not find copyright notice
install/usb_cam/share/usb_cam/cmake/ament_cmake_export_include_directories-extras.cmake: could not find copyright notice
install/usb_cam/share/usb_cam/cmake/ament_cmake_export_libraries-extras.cmake: could not find copyright notice
install/usb_cam/share/usb_cam/cmake/usb_camConfig-version.cmake: could not find copyright notice
install/usb_cam/share/usb_cam/cmake/usb_camConfig.cmake: could not find copyright notice
48 errors, checked 93 files
-- run_test.py: return code 1
-- run_test.py: verify result file '/home/yahboom/usb/build/usb_cam/test_results/usb_cam/copyright.xunit.xml'
</Value>
				</Measurement>
			</Results>
			<Labels>
				<Label>copyright</Label>
				<Label>linter</Label>
			</Labels>
		</Test>
		<Test Status="passed">
			<Name>cppcheck</Name>
			<Path>.</Path>
			<FullName>./cppcheck</FullName>
			<FullCommandLine>/usr/bin/python3.10 "-u" "/opt/ros/humble/share/ament_cmake_test/cmake/run_test.py" "/home/yahboom/usb/build/usb_cam/test_results/usb_cam/cppcheck.xunit.xml" "--package-name" "usb_cam" "--output-file" "/home/yahboom/usb/build/usb_cam/ament_cppcheck/cppcheck.txt" "--command" "/opt/ros/humble/bin/ament_cppcheck" "--xunit-file" "/home/yahboom/usb/build/usb_cam/test_results/usb_cam/cppcheck.xunit.xml" "--include_dirs" "/home/yahboom/usb/include"</FullCommandLine>
			<Results>
				<NamedMeasurement type="numeric/double" name="Execution Time">
					<Value>0.173842</Value>
				</NamedMeasurement>
				<NamedMeasurement type="numeric/double" name="Processors">
					<Value>1</Value>
				</NamedMeasurement>
				<NamedMeasurement type="text/string" name="Completion Status">
					<Value>Completed</Value>
				</NamedMeasurement>
				<NamedMeasurement type="text/string" name="Command Line">
					<Value>/usr/bin/python3.10 "-u" "/opt/ros/humble/share/ament_cmake_test/cmake/run_test.py" "/home/yahboom/usb/build/usb_cam/test_results/usb_cam/cppcheck.xunit.xml" "--package-name" "usb_cam" "--output-file" "/home/yahboom/usb/build/usb_cam/ament_cppcheck/cppcheck.txt" "--command" "/opt/ros/humble/bin/ament_cppcheck" "--xunit-file" "/home/yahboom/usb/build/usb_cam/test_results/usb_cam/cppcheck.xunit.xml" "--include_dirs" "/home/yahboom/usb/include"</Value>
				</NamedMeasurement>
				<NamedMeasurement type="text/string" name="Environment">
					<Value>#CTEST_RESOURCE_GROUP_COUNT=</Value>
				</NamedMeasurement>
				<Measurement>
					<Value>-- run_test.py: invoking following command in '/home/yahboom/usb':
 - /opt/ros/humble/bin/ament_cppcheck --xunit-file /home/yahboom/usb/build/usb_cam/test_results/usb_cam/cppcheck.xunit.xml --include_dirs /home/yahboom/usb/include
cppcheck 2.7 has known performance issues and therefore will not be used, set the AMENT_CPPCHECK_ALLOW_SLOW_VERSIONS environment variable to override this.
-- run_test.py: return code 0
-- run_test.py: verify result file '/home/yahboom/usb/build/usb_cam/test_results/usb_cam/cppcheck.xunit.xml'
</Value>
				</Measurement>
			</Results>
			<Labels>
				<Label>cppcheck</Label>
				<Label>linter</Label>
			</Labels>
		</Test>
		<Test Status="failed">
			<Name>cpplint</Name>
			<Path>.</Path>
			<FullName>./cpplint</FullName>
			<FullCommandLine>/usr/bin/python3.10 "-u" "/opt/ros/humble/share/ament_cmake_test/cmake/run_test.py" "/home/yahboom/usb/build/usb_cam/test_results/usb_cam/cpplint.xunit.xml" "--package-name" "usb_cam" "--output-file" "/home/yahboom/usb/build/usb_cam/ament_cpplint/cpplint.txt" "--command" "/opt/ros/humble/bin/ament_cpplint" "--xunit-file" "/home/yahboom/usb/build/usb_cam/test_results/usb_cam/cpplint.xunit.xml"</FullCommandLine>
			<Results>
				<NamedMeasurement type="text/string" name="Exit Code">
					<Value>Failed</Value>
				</NamedMeasurement>
				<NamedMeasurement type="text/string" name="Exit Value">
					<Value>1</Value>
				</NamedMeasurement>
				<NamedMeasurement type="numeric/double" name="Execution Time">
					<Value>1.63503</Value>
				</NamedMeasurement>
				<NamedMeasurement type="numeric/double" name="Processors">
					<Value>1</Value>
				</NamedMeasurement>
				<NamedMeasurement type="text/string" name="Completion Status">
					<Value>Completed</Value>
				</NamedMeasurement>
				<NamedMeasurement type="text/string" name="Command Line">
					<Value>/usr/bin/python3.10 "-u" "/opt/ros/humble/share/ament_cmake_test/cmake/run_test.py" "/home/yahboom/usb/build/usb_cam/test_results/usb_cam/cpplint.xunit.xml" "--package-name" "usb_cam" "--output-file" "/home/yahboom/usb/build/usb_cam/ament_cpplint/cpplint.txt" "--command" "/opt/ros/humble/bin/ament_cpplint" "--xunit-file" "/home/yahboom/usb/build/usb_cam/test_results/usb_cam/cpplint.xunit.xml"</Value>
				</NamedMeasurement>
				<NamedMeasurement type="text/string" name="Environment">
					<Value>#CTEST_RESOURCE_GROUP_COUNT=</Value>
				</NamedMeasurement>
				<Measurement>
					<Value>-- run_test.py: invoking following command in '/home/yahboom/usb':
 - /opt/ros/humble/bin/ament_cpplint --xunit-file /home/yahboom/usb/build/usb_cam/test_results/usb_cam/cpplint.xunit.xml
/home/yahboom/usb/build/usb_cam/CMakeFiles/3.22.1/CompilerIdC/CMakeCCompilerId.c:0:  No copyright message found.  You should have a line: "Copyright [year] &lt;Copyright Owner&gt;"  [legal/copyright] [5]
/home/yahboom/usb/build/usb_cam/CMakeFiles/3.22.1/CompilerIdC/CMakeCCompilerId.c:352:  Lines should be &lt;= 100 characters long  [whitespace/line_length] [2]
/home/yahboom/usb/build/usb_cam/CMakeFiles/3.22.1/CompilerIdC/CMakeCCompilerId.c:368:  Lines should be &lt;= 100 characters long  [whitespace/line_length] [2]
/home/yahboom/usb/build/usb_cam/CMakeFiles/3.22.1/CompilerIdC/CMakeCCompilerId.c:685:  Missing space after ,  [whitespace/comma] [3]
/home/yahboom/usb/build/usb_cam/CMakeFiles/3.22.1/CompilerIdC/CMakeCCompilerId.c:696:  Missing space after ,  [whitespace/comma] [3]
/home/yahboom/usb/build/usb_cam/CMakeFiles/3.22.1/CompilerIdC/CMakeCCompilerId.c:703:  Missing space after ,  [whitespace/comma] [3]
/home/yahboom/usb/build/usb_cam/CMakeFiles/3.22.1/CompilerIdC/CMakeCCompilerId.c:704:  Missing space after ,  [whitespace/comma] [3]
/home/yahboom/usb/build/usb_cam/CMakeFiles/3.22.1/CompilerIdC/CMakeCCompilerId.c:705:  Missing space after ,  [whitespace/comma] [3]
/home/yahboom/usb/build/usb_cam/CMakeFiles/3.22.1/CompilerIdC/CMakeCCompilerId.c:707:  Lines should be &lt;= 100 characters long  [whitespace/line_length] [2]
/home/yahboom/usb/build/usb_cam/CMakeFiles/3.22.1/CompilerIdC/CMakeCCompilerId.c:714:  Missing space after ,  [whitespace/comma] [3]
/home/yahboom/usb/build/usb_cam/CMakeFiles/3.22.1/CompilerIdC/CMakeCCompilerId.c:725:  Missing space after ,  [whitespace/comma] [3]
/home/yahboom/usb/build/usb_cam/CMakeFiles/3.22.1/CompilerIdCXX/CMakeCXXCompilerId.cpp:0:  No copyright message found.  You should have a line: "Copyright [year] &lt;Copyright Owner&gt;"  [legal/copyright] [5]
/home/yahboom/usb/build/usb_cam/CMakeFiles/3.22.1/CompilerIdCXX/CMakeCXXCompilerId.cpp:350:  Lines should be &lt;= 100 characters long  [whitespace/line_length] [2]
/home/yahboom/usb/build/usb_cam/CMakeFiles/3.22.1/CompilerIdCXX/CMakeCXXCompilerId.cpp:366:  Lines should be &lt;= 100 characters long  [whitespace/line_length] [2]
/home/yahboom/usb/build/usb_cam/CMakeFiles/3.22.1/CompilerIdCXX/CMakeCXXCompilerId.cpp:670:  Missing space after ,  [whitespace/comma] [3]
/home/yahboom/usb/build/usb_cam/CMakeFiles/3.22.1/CompilerIdCXX/CMakeCXXCompilerId.cpp:681:  Missing space after ,  [whitespace/comma] [3]
/home/yahboom/usb/build/usb_cam/CMakeFiles/3.22.1/CompilerIdCXX/CMakeCXXCompilerId.cpp:688:  Missing space after ,  [whitespace/comma] [3]
/home/yahboom/usb/build/usb_cam/CMakeFiles/3.22.1/CompilerIdCXX/CMakeCXXCompilerId.cpp:689:  Missing space after ,  [whitespace/comma] [3]
/home/yahboom/usb/build/usb_cam/CMakeFiles/3.22.1/CompilerIdCXX/CMakeCXXCompilerId.cpp:690:  Missing space after ,  [whitespace/comma] [3]
/home/yahboom/usb/build/usb_cam/CMakeFiles/3.22.1/CompilerIdCXX/CMakeCXXCompilerId.cpp:692:  Lines should be &lt;= 100 characters long  [whitespace/line_length] [2]
/home/yahboom/usb/build/usb_cam/CMakeFiles/3.22.1/CompilerIdCXX/CMakeCXXCompilerId.cpp:699:  Missing space after ,  [whitespace/comma] [3]
/home/yahboom/usb/build/usb_cam/CMakeFiles/3.22.1/CompilerIdCXX/CMakeCXXCompilerId.cpp:710:  Missing space after ,  [whitespace/comma] [3]
/home/yahboom/usb/include/usb_cam/formats/mjpeg.hpp:44:  Found C system header after C++ system header. Should be: mjpeg.h, c system, c++ system, other.  [build/include_order] [4]
/home/yahboom/usb/install/usb_cam/include/usb_cam/formats/mjpeg.hpp:44:  Found C system header after C++ system header. Should be: mjpeg.h, c system, c++ system, other.  [build/include_order] [4]
/home/yahboom/usb/src/usb_cam_node.cpp:232:  Lines should be &lt;= 100 characters long  [whitespace/line_length] [2]
/home/yahboom/usb/src/usb_cam_node.cpp:245:  Lines should be &lt;= 100 characters long  [whitespace/line_length] [2]
/home/yahboom/usb/src/usb_cam_node.cpp:477:  Lines should be &lt;= 100 characters long  [whitespace/line_length] [2]
Category 'build/include_order' errors found: 2
Category 'legal/copyright' errors found: 2
Category 'whitespace/comma' errors found: 14
Category 'whitespace/line_length' errors found: 9
Total errors found: 27
Not using '--root'

Done processing /home/yahboom/usb/build/usb_cam/CMakeFiles/3.22.1/CompilerIdC/CMakeCCompilerId.c

Done processing /home/yahboom/usb/build/usb_cam/CMakeFiles/3.22.1/CompilerIdCXX/CMakeCXXCompilerId.cpp

Done processing /home/yahboom/usb/build/usb_cam/rclcpp_components/node_main_usb_cam_node_exe.cpp

Using '--root=/home/yahboom/usb/include' argument

Done processing /home/yahboom/usb/include/usb_cam/constants.hpp

Done processing /home/yahboom/usb/include/usb_cam/conversions.hpp

Done processing /home/yahboom/usb/include/usb_cam/formats/av_pixel_format_helper.hpp

Done processing /home/yahboom/usb/include/usb_cam/formats/m420.hpp

Done processing /home/yahboom/usb/include/usb_cam/formats/mjpeg.hpp

Done processing /home/yahboom/usb/include/usb_cam/formats/mono.hpp

Done processing /home/yahboom/usb/include/usb_cam/formats/pixel_format_base.hpp

Done processing /home/yahboom/usb/include/usb_cam/formats/rgb.hpp

Done processing /home/yahboom/usb/include/usb_cam/formats/utils.hpp

Done processing /home/yahboom/usb/include/usb_cam/formats/uyvy.hpp

Done processing /home/yahboom/usb/include/usb_cam/formats/yuyv.hpp

Done processing /home/yahboom/usb/include/usb_cam/usb_cam.hpp

Done processing /home/yahboom/usb/include/usb_cam/usb_cam_node.hpp

Done processing /home/yahboom/usb/include/usb_cam/utils.hpp

Using '--root=/home/yahboom/usb/install/usb_cam/include' argument

Done processing /home/yahboom/usb/install/usb_cam/include/usb_cam/constants.hpp

Done processing /home/yahboom/usb/install/usb_cam/include/usb_cam/conversions.hpp

Done processing /home/yahboom/usb/install/usb_cam/include/usb_cam/formats/av_pixel_format_helper.hpp

Done processing /home/yahboom/usb/install/usb_cam/include/usb_cam/formats/m420.hpp

Done processing /home/yahboom/usb/install/usb_cam/include/usb_cam/formats/mjpeg.hpp

Done processing /home/yahboom/usb/install/usb_cam/include/usb_cam/formats/mono.hpp

Done processing /home/yahboom/usb/install/usb_cam/include/usb_cam/formats/pixel_format_base.hpp

Done processing /home/yahboom/usb/install/usb_cam/include/usb_cam/formats/rgb.hpp

Done processing /home/yahboom/usb/install/usb_cam/include/usb_cam/formats/utils.hpp

Done processing /home/yahboom/usb/install/usb_cam/include/usb_cam/formats/uyvy.hpp

Done processing /home/yahboom/usb/install/usb_cam/include/usb_cam/formats/yuyv.hpp

Done processing /home/yahboom/usb/install/usb_cam/include/usb_cam/usb_cam.hpp

Done processing /home/yahboom/usb/install/usb_cam/include/usb_cam/usb_cam_node.hpp

Done processing /home/yahboom/usb/install/usb_cam/include/usb_cam/utils.hpp

Using '--root=/home/yahboom/usb/src' argument

Done processing /home/yahboom/usb/src/usb_cam.cpp

Done processing /home/yahboom/usb/src/usb_cam_node.cpp

Using '--root=/home/yahboom/usb/test' argument

Done processing /home/yahboom/usb/test/gtest_main.cpp

Done processing /home/yahboom/usb/test/test_pixel_formats.cpp

Done processing /home/yahboom/usb/test/test_usb_cam_lib.cpp

Done processing /home/yahboom/usb/test/test_usb_cam_utils.cpp

-- run_test.py: return code 1
-- run_test.py: verify result file '/home/yahboom/usb/build/usb_cam/test_results/usb_cam/cpplint.xunit.xml'
</Value>
				</Measurement>
			</Results>
			<Labels>
				<Label>cpplint</Label>
				<Label>linter</Label>
			</Labels>
		</Test>
		<Test Status="failed">
			<Name>flake8</Name>
			<Path>.</Path>
			<FullName>./flake8</FullName>
			<FullCommandLine>/usr/bin/python3.10 "-u" "/opt/ros/humble/share/ament_cmake_test/cmake/run_test.py" "/home/yahboom/usb/build/usb_cam/test_results/usb_cam/flake8.xunit.xml" "--package-name" "usb_cam" "--output-file" "/home/yahboom/usb/build/usb_cam/ament_flake8/flake8.txt" "--command" "/opt/ros/humble/bin/ament_flake8" "--xunit-file" "/home/yahboom/usb/build/usb_cam/test_results/usb_cam/flake8.xunit.xml"</FullCommandLine>
			<Results>
				<NamedMeasurement type="text/string" name="Exit Code">
					<Value>Failed</Value>
				</NamedMeasurement>
				<NamedMeasurement type="text/string" name="Exit Value">
					<Value>1</Value>
				</NamedMeasurement>
				<NamedMeasurement type="numeric/double" name="Execution Time">
					<Value>0.362123</Value>
				</NamedMeasurement>
				<NamedMeasurement type="numeric/double" name="Processors">
					<Value>1</Value>
				</NamedMeasurement>
				<NamedMeasurement type="text/string" name="Completion Status">
					<Value>Completed</Value>
				</NamedMeasurement>
				<NamedMeasurement type="text/string" name="Command Line">
					<Value>/usr/bin/python3.10 "-u" "/opt/ros/humble/share/ament_cmake_test/cmake/run_test.py" "/home/yahboom/usb/build/usb_cam/test_results/usb_cam/flake8.xunit.xml" "--package-name" "usb_cam" "--output-file" "/home/yahboom/usb/build/usb_cam/ament_flake8/flake8.txt" "--command" "/opt/ros/humble/bin/ament_flake8" "--xunit-file" "/home/yahboom/usb/build/usb_cam/test_results/usb_cam/flake8.xunit.xml"</Value>
				</NamedMeasurement>
				<NamedMeasurement type="text/string" name="Environment">
					<Value>#CTEST_RESOURCE_GROUP_COUNT=</Value>
				</NamedMeasurement>
				<Measurement>
					<Value>-- run_test.py: invoking following command in '/home/yahboom/usb':
 - /opt/ros/humble/bin/ament_flake8 --xunit-file /home/yahboom/usb/build/usb_cam/test_results/usb_cam/flake8.xunit.xml
FORMAT_STR_INVOKE_SCRIPT = 'COLCON_CURRENT_PREFIX="{prefix}" _colcon_prefix_sh_source_script "{script_path}"'
                                                                                                   ^
FORMAT_STR_REMOVE_LEADING_SEPARATOR = 'if [ "$(echo -n ${name} | head -c 1)" = ":" ]; then export {name}=${{{name}#?}} ; fi'
                                                                                                   ^
FORMAT_STR_REMOVE_TRAILING_SEPARATOR = 'if [ "$(echo -n ${name} | tail -c 1)" = ":" ]; then export {name}=${{{name}%?}} ; fi'
                                                                                                   ^
3     E501 line too long (109 &gt; 99 characters)

./install/_local_setup_util_sh.py:14:100: E501 line too long (109 &gt; 99 characters)

./install/_local_setup_util_sh.py:15:100: E501 line too long (124 &gt; 99 characters)

./install/_local_setup_util_sh.py:16:100: E501 line too long (125 &gt; 99 characters)


10 files checked
3 errors

'E'-type errors: 3

Checked files:

* ./install/_local_setup_util_sh.py
* ./install/_local_setup_util_ps1.py
* ./install/usb_cam/share/usb_cam/launch/__init__.py
* ./install/usb_cam/share/usb_cam/launch/camera.launch.py
* ./install/usb_cam/share/usb_cam/launch/camera_config.py
* ./install/usb_cam/lib/usb_cam/show_image.py
* ./scripts/show_image.py
* ./launch/__init__.py
* ./launch/camera.launch.py
* ./launch/camera_config.py
-- run_test.py: return code 1
-- run_test.py: verify result file '/home/yahboom/usb/build/usb_cam/test_results/usb_cam/flake8.xunit.xml'
</Value>
				</Measurement>
			</Results>
			<Labels>
				<Label>flake8</Label>
				<Label>linter</Label>
			</Labels>
		</Test>
		<Test Status="failed">
			<Name>lint_cmake</Name>
			<Path>.</Path>
			<FullName>./lint_cmake</FullName>
			<FullCommandLine>/usr/bin/python3.10 "-u" "/opt/ros/humble/share/ament_cmake_test/cmake/run_test.py" "/home/yahboom/usb/build/usb_cam/test_results/usb_cam/lint_cmake.xunit.xml" "--package-name" "usb_cam" "--output-file" "/home/yahboom/usb/build/usb_cam/ament_lint_cmake/lint_cmake.txt" "--command" "/opt/ros/humble/bin/ament_lint_cmake" "--xunit-file" "/home/yahboom/usb/build/usb_cam/test_results/usb_cam/lint_cmake.xunit.xml"</FullCommandLine>
			<Results>
				<NamedMeasurement type="text/string" name="Exit Code">
					<Value>Failed</Value>
				</NamedMeasurement>
				<NamedMeasurement type="text/string" name="Exit Value">
					<Value>1</Value>
				</NamedMeasurement>
				<NamedMeasurement type="numeric/double" name="Execution Time">
					<Value>0.165998</Value>
				</NamedMeasurement>
				<NamedMeasurement type="numeric/double" name="Processors">
					<Value>1</Value>
				</NamedMeasurement>
				<NamedMeasurement type="text/string" name="Completion Status">
					<Value>Completed</Value>
				</NamedMeasurement>
				<NamedMeasurement type="text/string" name="Command Line">
					<Value>/usr/bin/python3.10 "-u" "/opt/ros/humble/share/ament_cmake_test/cmake/run_test.py" "/home/yahboom/usb/build/usb_cam/test_results/usb_cam/lint_cmake.xunit.xml" "--package-name" "usb_cam" "--output-file" "/home/yahboom/usb/build/usb_cam/ament_lint_cmake/lint_cmake.txt" "--command" "/opt/ros/humble/bin/ament_lint_cmake" "--xunit-file" "/home/yahboom/usb/build/usb_cam/test_results/usb_cam/lint_cmake.xunit.xml"</Value>
				</NamedMeasurement>
				<NamedMeasurement type="text/string" name="Environment">
					<Value>#CTEST_RESOURCE_GROUP_COUNT=</Value>
				</NamedMeasurement>
				<Measurement>
					<Value>-- run_test.py: invoking following command in '/home/yahboom/usb':
 - /opt/ros/humble/bin/ament_lint_cmake --xunit-file /home/yahboom/usb/build/usb_cam/test_results/usb_cam/lint_cmake.xunit.xml
build/usb_cam/CTestTestfile.cmake:1: Line ends in whitespace [whitespace/eol]
build/usb_cam/CTestTestfile.cmake:4: Line ends in whitespace [whitespace/eol]
build/usb_cam/CTestTestfile.cmake:5: Line ends in whitespace [whitespace/eol]
build/usb_cam/CTestTestfile.cmake:7: Lines should be &lt;= 140 characters long [linelength]
build/usb_cam/CTestTestfile.cmake:8: Lines should be &lt;= 140 characters long [linelength]
build/usb_cam/CTestTestfile.cmake:9: Lines should be &lt;= 140 characters long [linelength]
build/usb_cam/CTestTestfile.cmake:10: Lines should be &lt;= 140 characters long [linelength]
build/usb_cam/CTestTestfile.cmake:11: Lines should be &lt;= 140 characters long [linelength]
build/usb_cam/CTestTestfile.cmake:12: Lines should be &lt;= 140 characters long [linelength]
build/usb_cam/CTestTestfile.cmake:13: Lines should be &lt;= 140 characters long [linelength]
build/usb_cam/CTestTestfile.cmake:14: Lines should be &lt;= 140 characters long [linelength]
build/usb_cam/CTestTestfile.cmake:15: Lines should be &lt;= 140 characters long [linelength]
build/usb_cam/CTestTestfile.cmake:16: Lines should be &lt;= 140 characters long [linelength]
build/usb_cam/CTestTestfile.cmake:17: Lines should be &lt;= 140 characters long [linelength]
build/usb_cam/CTestTestfile.cmake:18: Lines should be &lt;= 140 characters long [linelength]
build/usb_cam/CTestTestfile.cmake:19: Lines should be &lt;= 140 characters long [linelength]
build/usb_cam/CTestTestfile.cmake:20: Lines should be &lt;= 140 characters long [linelength]
build/usb_cam/CTestTestfile.cmake:21: Lines should be &lt;= 140 characters long [linelength]
build/usb_cam/CTestTestfile.cmake:22: Lines should be &lt;= 140 characters long [linelength]
build/usb_cam/CTestTestfile.cmake:23: Lines should be &lt;= 140 characters long [linelength]
build/usb_cam/CTestTestfile.cmake:24: Lines should be &lt;= 140 characters long [linelength]
build/usb_cam/CTestTestfile.cmake:25: Lines should be &lt;= 140 characters long [linelength]
build/usb_cam/CTestTestfile.cmake:26: Lines should be &lt;= 140 characters long [linelength]

build/usb_cam/cmake_install.cmake:13: Weird indentation; use 2 spaces [whitespace/indent]
build/usb_cam/cmake_install.cmake:46: Lines should be &lt;= 140 characters long [linelength]
build/usb_cam/cmake_install.cmake:50: Lines should be &lt;= 140 characters long [linelength]
build/usb_cam/cmake_install.cmake:55: Weird indentation; use 2 spaces [whitespace/indent]
build/usb_cam/cmake_install.cmake:57: Weird indentation; use 2 spaces [whitespace/indent]
build/usb_cam/cmake_install.cmake:58: Weird indentation; use 2 spaces [whitespace/indent]
build/usb_cam/cmake_install.cmake:62: Weird indentation; use 2 spaces [whitespace/indent]
build/usb_cam/cmake_install.cmake:64: Weird indentation; use 2 spaces [whitespace/indent]
build/usb_cam/cmake_install.cmake:65: Weird indentation; use 2 spaces [whitespace/indent]
build/usb_cam/cmake_install.cmake:66: Weird indentation; use 2 spaces [whitespace/indent]
build/usb_cam/cmake_install.cmake:79: Weird indentation; use 2 spaces [whitespace/indent]
build/usb_cam/cmake_install.cmake:81: Weird indentation; use 2 spaces [whitespace/indent]
build/usb_cam/cmake_install.cmake:82: Weird indentation; use 2 spaces [whitespace/indent]
build/usb_cam/cmake_install.cmake:86: Weird indentation; use 2 spaces [whitespace/indent]
build/usb_cam/cmake_install.cmake:98: Weird indentation; use 2 spaces [whitespace/indent]
build/usb_cam/cmake_install.cmake:100: Weird indentation; use 2 spaces [whitespace/indent]
build/usb_cam/cmake_install.cmake:101: Weird indentation; use 2 spaces [whitespace/indent]
build/usb_cam/cmake_install.cmake:105: Weird indentation; use 2 spaces [whitespace/indent]
build/usb_cam/cmake_install.cmake:107: Weird indentation; use 2 spaces [whitespace/indent]
build/usb_cam/cmake_install.cmake:108: Weird indentation; use 2 spaces [whitespace/indent]
build/usb_cam/cmake_install.cmake:109: Weird indentation; use 2 spaces [whitespace/indent]
build/usb_cam/cmake_install.cmake:125: Weird indentation; use 2 spaces [whitespace/indent]
build/usb_cam/cmake_install.cmake:127: Weird indentation; use 2 spaces [whitespace/indent]
build/usb_cam/cmake_install.cmake:128: Weird indentation; use 2 spaces [whitespace/indent]
build/usb_cam/cmake_install.cmake:132: Weird indentation; use 2 spaces [whitespace/indent]
build/usb_cam/cmake_install.cmake:134: Weird indentation; use 2 spaces [whitespace/indent]
build/usb_cam/cmake_install.cmake:135: Weird indentation; use 2 spaces [whitespace/indent]
build/usb_cam/cmake_install.cmake:136: Weird indentation; use 2 spaces [whitespace/indent]
build/usb_cam/cmake_install.cmake:155: Lines should be &lt;= 140 characters long [linelength]
build/usb_cam/cmake_install.cmake:159: Lines should be &lt;= 140 characters long [linelength]
build/usb_cam/cmake_install.cmake:163: Lines should be &lt;= 140 characters long [linelength]
build/usb_cam/cmake_install.cmake:167: Lines should be &lt;= 140 characters long [linelength]
build/usb_cam/cmake_install.cmake:171: Lines should be &lt;= 140 characters long [linelength]
build/usb_cam/cmake_install.cmake:175: Lines should be &lt;= 140 characters long [linelength]
build/usb_cam/cmake_install.cmake:179: Lines should be &lt;= 140 characters long [linelength]
build/usb_cam/cmake_install.cmake:183: Lines should be &lt;= 140 characters long [linelength]
build/usb_cam/cmake_install.cmake:187: Lines should be &lt;= 140 characters long [linelength]
build/usb_cam/cmake_install.cmake:191: Lines should be &lt;= 140 characters long [linelength]
build/usb_cam/cmake_install.cmake:195: Lines should be &lt;= 140 characters long [linelength]
build/usb_cam/cmake_install.cmake:199: Lines should be &lt;= 140 characters long [linelength]
build/usb_cam/cmake_install.cmake:203: Lines should be &lt;= 140 characters long [linelength]
build/usb_cam/cmake_install.cmake:207: Lines should be &lt;= 140 characters long [linelength]
build/usb_cam/cmake_install.cmake:211: Lines should be &lt;= 140 characters long [linelength]
build/usb_cam/cmake_install.cmake:215: Lines should be &lt;= 140 characters long [linelength]
build/usb_cam/cmake_install.cmake:219: Mismatching spaces inside () after command [whitespace/mismatch]
build/usb_cam/cmake_install.cmake:242: Weird indentation; use 2 spaces [whitespace/indent]
build/usb_cam/cmake_install.cmake:244: Weird indentation; use 2 spaces [whitespace/indent]

build/usb_cam/CMakeFiles/Makefile.cmake:8: Mismatching spaces inside () after command [whitespace/mismatch]
build/usb_cam/CMakeFiles/Makefile.cmake:929: Mismatching spaces inside () after command [whitespace/mismatch]
build/usb_cam/CMakeFiles/Makefile.cmake:935: Mismatching spaces inside () after command [whitespace/mismatch]
build/usb_cam/CMakeFiles/Makefile.cmake:973: Mismatching spaces inside () after command [whitespace/mismatch]

build/usb_cam/CMakeFiles/3.22.1/CMakeCCompiler.cmake:9: Lines should be &lt;= 140 characters long [linelength]
build/usb_cam/CMakeFiles/3.22.1/CMakeCCompiler.cmake:69: Lines should be &lt;= 140 characters long [linelength]

build/usb_cam/CMakeFiles/3.22.1/CMakeCXXCompiler.cmake:9: Lines should be &lt;= 140 characters long [linelength]
build/usb_cam/CMakeFiles/3.22.1/CMakeCXXCompiler.cmake:11: Lines should be &lt;= 140 characters long [linelength]
build/usb_cam/CMakeFiles/3.22.1/CMakeCXXCompiler.cmake:12: Lines should be &lt;= 140 characters long [linelength]
build/usb_cam/CMakeFiles/3.22.1/CMakeCXXCompiler.cmake:42: Extra spaces between 'foreach' and its () [whitespace/extra]
build/usb_cam/CMakeFiles/3.22.1/CMakeCXXCompiler.cmake:43: Extra spaces between 'if' and its () [whitespace/extra]
build/usb_cam/CMakeFiles/3.22.1/CMakeCXXCompiler.cmake:80: Lines should be &lt;= 140 characters long [linelength]

build/usb_cam/CMakeFiles/test_pixel_formats.dir/DependInfo.cmake:6: Mismatching spaces inside () after command [whitespace/mismatch]
build/usb_cam/CMakeFiles/test_pixel_formats.dir/DependInfo.cmake:10: Mismatching spaces inside () after command [whitespace/mismatch]
build/usb_cam/CMakeFiles/test_pixel_formats.dir/DependInfo.cmake:15: Mismatching spaces inside () after command [whitespace/mismatch]

build/usb_cam/CMakeFiles/test_usb_cam_utils.dir/DependInfo.cmake:6: Mismatching spaces inside () after command [whitespace/mismatch]
build/usb_cam/CMakeFiles/test_usb_cam_utils.dir/DependInfo.cmake:10: Mismatching spaces inside () after command [whitespace/mismatch]
build/usb_cam/CMakeFiles/test_usb_cam_utils.dir/DependInfo.cmake:15: Mismatching spaces inside () after command [whitespace/mismatch]

build/usb_cam/CMakeFiles/uninstall.dir/DependInfo.cmake:6: Mismatching spaces inside () after command [whitespace/mismatch]
build/usb_cam/CMakeFiles/uninstall.dir/DependInfo.cmake:10: Mismatching spaces inside () after command [whitespace/mismatch]
build/usb_cam/CMakeFiles/uninstall.dir/DependInfo.cmake:14: Mismatching spaces inside () after command [whitespace/mismatch]

build/usb_cam/CMakeFiles/uninstall.dir/cmake_clean.cmake:3: Mismatching spaces inside () after command [whitespace/mismatch]

build/usb_cam/CMakeFiles/usb_cam.dir/DependInfo.cmake:6: Mismatching spaces inside () after command [whitespace/mismatch]
build/usb_cam/CMakeFiles/usb_cam.dir/DependInfo.cmake:10: Mismatching spaces inside () after command [whitespace/mismatch]
build/usb_cam/CMakeFiles/usb_cam.dir/DependInfo.cmake:15: Mismatching spaces inside () after command [whitespace/mismatch]

build/usb_cam/CMakeFiles/usb_cam_node.dir/DependInfo.cmake:6: Mismatching spaces inside () after command [whitespace/mismatch]
build/usb_cam/CMakeFiles/usb_cam_node.dir/DependInfo.cmake:10: Mismatching spaces inside () after command [whitespace/mismatch]
build/usb_cam/CMakeFiles/usb_cam_node.dir/DependInfo.cmake:15: Mismatching spaces inside () after command [whitespace/mismatch]

build/usb_cam/CMakeFiles/usb_cam_node_exe.dir/DependInfo.cmake:6: Mismatching spaces inside () after command [whitespace/mismatch]
build/usb_cam/CMakeFiles/usb_cam_node_exe.dir/DependInfo.cmake:10: Mismatching spaces inside () after command [whitespace/mismatch]
build/usb_cam/CMakeFiles/usb_cam_node_exe.dir/DependInfo.cmake:15: Mismatching spaces inside () after command [whitespace/mismatch]

build/usb_cam/CMakeFiles/usb_cam_uninstall.dir/DependInfo.cmake:6: Mismatching spaces inside () after command [whitespace/mismatch]
build/usb_cam/CMakeFiles/usb_cam_uninstall.dir/DependInfo.cmake:10: Mismatching spaces inside () after command [whitespace/mismatch]
build/usb_cam/CMakeFiles/usb_cam_uninstall.dir/DependInfo.cmake:14: Mismatching spaces inside () after command [whitespace/mismatch]

build/usb_cam/CMakeFiles/usb_cam_uninstall.dir/cmake_clean.cmake:6: Mismatching spaces inside () after command [whitespace/mismatch]

build/usb_cam/ament_cmake_core/package.cmake:4: Lines should be &lt;= 140 characters long [linelength]
build/usb_cam/ament_cmake_core/package.cmake:6: Lines should be &lt;= 140 characters long [linelength]
build/usb_cam/ament_cmake_core/package.cmake:7: Mismatching spaces inside () after command [whitespace/mismatch]
build/usb_cam/ament_cmake_core/package.cmake:8: Lines should be &lt;= 140 characters long [linelength]
build/usb_cam/ament_cmake_core/package.cmake:10: Mismatching spaces inside () after command [whitespace/mismatch]

build/usb_cam/ament_cmake_core/usb_camConfig.cmake:39: Lines should be &lt;= 140 characters long [linelength]

build/usb_cam/ament_cmake_export_dependencies/ament_cmake_export_dependencies-extras.cmake:3: Lines should be &lt;= 140 characters long [linelength]

build/usb_cam/ament_cmake_package_templates/templates.cmake:1: Lines should be &lt;= 140 characters long [linelength]
build/usb_cam/ament_cmake_package_templates/templates.cmake:2: Lines should be &lt;= 140 characters long [linelength]
build/usb_cam/ament_cmake_package_templates/templates.cmake:4: Lines should be &lt;= 140 characters long [linelength]
build/usb_cam/ament_cmake_package_templates/templates.cmake:5: Lines should be &lt;= 140 characters long [linelength]
build/usb_cam/ament_cmake_package_templates/templates.cmake:6: Lines should be &lt;= 140 characters long [linelength]
build/usb_cam/ament_cmake_package_templates/templates.cmake:8: Lines should be &lt;= 140 characters long [linelength]
build/usb_cam/ament_cmake_package_templates/templates.cmake:9: Lines should be &lt;= 140 characters long [linelength]
build/usb_cam/ament_cmake_package_templates/templates.cmake:10: Lines should be &lt;= 140 characters long [linelength]
build/usb_cam/ament_cmake_package_templates/templates.cmake:11: Lines should be &lt;= 140 characters long [linelength]
build/usb_cam/ament_cmake_package_templates/templates.cmake:12: Lines should be &lt;= 140 characters long [linelength]
build/usb_cam/ament_cmake_package_templates/templates.cmake:13: Lines should be &lt;= 140 characters long [linelength]
build/usb_cam/ament_cmake_package_templates/templates.cmake:14: Lines should be &lt;= 140 characters long [linelength]

build/usb_cam/gtest/CTestTestfile.cmake:1: Line ends in whitespace [whitespace/eol]
build/usb_cam/gtest/CTestTestfile.cmake:4: Line ends in whitespace [whitespace/eol]
build/usb_cam/gtest/CTestTestfile.cmake:5: Line ends in whitespace [whitespace/eol]

build/usb_cam/gtest/cmake_install.cmake:13: Weird indentation; use 2 spaces [whitespace/indent]

build/usb_cam/gtest/CMakeFiles/gtest.dir/DependInfo.cmake:6: Mismatching spaces inside () after command [whitespace/mismatch]
build/usb_cam/gtest/CMakeFiles/gtest.dir/DependInfo.cmake:10: Mismatching spaces inside () after command [whitespace/mismatch]
build/usb_cam/gtest/CMakeFiles/gtest.dir/DependInfo.cmake:15: Mismatching spaces inside () after command [whitespace/mismatch]

build/usb_cam/gtest/CMakeFiles/gtest_main.dir/DependInfo.cmake:6: Mismatching spaces inside () after command [whitespace/mismatch]
build/usb_cam/gtest/CMakeFiles/gtest_main.dir/DependInfo.cmake:10: Mismatching spaces inside () after command [whitespace/mismatch]
build/usb_cam/gtest/CMakeFiles/gtest_main.dir/DependInfo.cmake:15: Mismatching spaces inside () after command [whitespace/mismatch]

install/usb_cam/share/usb_cam/cmake/ament_cmake_export_dependencies-extras.cmake:3: Lines should be &lt;= 140 characters long [linelength]

install/usb_cam/share/usb_cam/cmake/usb_camConfig.cmake:39: Lines should be &lt;= 140 characters long [linelength]


136 errors
-- run_test.py: return code 1
-- run_test.py: verify result file '/home/yahboom/usb/build/usb_cam/test_results/usb_cam/lint_cmake.xunit.xml'
</Value>
				</Measurement>
			</Results>
			<Labels>
				<Label>lint_cmake</Label>
				<Label>linter</Label>
			</Labels>
		</Test>
		<Test Status="passed">
			<Name>pep257</Name>
			<Path>.</Path>
			<FullName>./pep257</FullName>
			<FullCommandLine>/usr/bin/python3.10 "-u" "/opt/ros/humble/share/ament_cmake_test/cmake/run_test.py" "/home/yahboom/usb/build/usb_cam/test_results/usb_cam/pep257.xunit.xml" "--package-name" "usb_cam" "--output-file" "/home/yahboom/usb/build/usb_cam/ament_pep257/pep257.txt" "--command" "/opt/ros/humble/bin/ament_pep257" "--xunit-file" "/home/yahboom/usb/build/usb_cam/test_results/usb_cam/pep257.xunit.xml"</FullCommandLine>
			<Results>
				<NamedMeasurement type="numeric/double" name="Execution Time">
					<Value>0.307051</Value>
				</NamedMeasurement>
				<NamedMeasurement type="numeric/double" name="Processors">
					<Value>1</Value>
				</NamedMeasurement>
				<NamedMeasurement type="text/string" name="Completion Status">
					<Value>Completed</Value>
				</NamedMeasurement>
				<NamedMeasurement type="text/string" name="Command Line">
					<Value>/usr/bin/python3.10 "-u" "/opt/ros/humble/share/ament_cmake_test/cmake/run_test.py" "/home/yahboom/usb/build/usb_cam/test_results/usb_cam/pep257.xunit.xml" "--package-name" "usb_cam" "--output-file" "/home/yahboom/usb/build/usb_cam/ament_pep257/pep257.txt" "--command" "/opt/ros/humble/bin/ament_pep257" "--xunit-file" "/home/yahboom/usb/build/usb_cam/test_results/usb_cam/pep257.xunit.xml"</Value>
				</NamedMeasurement>
				<NamedMeasurement type="text/string" name="Environment">
					<Value>#CTEST_RESOURCE_GROUP_COUNT=</Value>
				</NamedMeasurement>
				<Measurement>
					<Value>-- run_test.py: invoking following command in '/home/yahboom/usb':
 - /opt/ros/humble/bin/ament_pep257 --xunit-file /home/yahboom/usb/build/usb_cam/test_results/usb_cam/pep257.xunit.xml
checking ./install/_local_setup_util_ps1.py
checking ./install/_local_setup_util_sh.py
checking ./install/usb_cam/lib/usb_cam/show_image.py
checking ./install/usb_cam/share/usb_cam/launch/__init__.py
checking ./install/usb_cam/share/usb_cam/launch/camera.launch.py
checking ./install/usb_cam/share/usb_cam/launch/camera_config.py
checking ./launch/__init__.py
checking ./launch/camera.launch.py
checking ./launch/camera_config.py
checking ./scripts/show_image.py
No problems found
-- run_test.py: return code 0
-- run_test.py: verify result file '/home/yahboom/usb/build/usb_cam/test_results/usb_cam/pep257.xunit.xml'
</Value>
				</Measurement>
			</Results>
			<Labels>
				<Label>linter</Label>
				<Label>pep257</Label>
			</Labels>
		</Test>
		<Test Status="failed">
			<Name>uncrustify</Name>
			<Path>.</Path>
			<FullName>./uncrustify</FullName>
			<FullCommandLine>/usr/bin/python3.10 "-u" "/opt/ros/humble/share/ament_cmake_test/cmake/run_test.py" "/home/yahboom/usb/build/usb_cam/test_results/usb_cam/uncrustify.xunit.xml" "--package-name" "usb_cam" "--output-file" "/home/yahboom/usb/build/usb_cam/ament_uncrustify/uncrustify.txt" "--command" "/opt/ros/humble/bin/ament_uncrustify" "--xunit-file" "/home/yahboom/usb/build/usb_cam/test_results/usb_cam/uncrustify.xunit.xml"</FullCommandLine>
			<Results>
				<NamedMeasurement type="text/string" name="Exit Code">
					<Value>Failed</Value>
				</NamedMeasurement>
				<NamedMeasurement type="text/string" name="Exit Value">
					<Value>1</Value>
				</NamedMeasurement>
				<NamedMeasurement type="numeric/double" name="Execution Time">
					<Value>0.440778</Value>
				</NamedMeasurement>
				<NamedMeasurement type="numeric/double" name="Processors">
					<Value>1</Value>
				</NamedMeasurement>
				<NamedMeasurement type="text/string" name="Completion Status">
					<Value>Completed</Value>
				</NamedMeasurement>
				<NamedMeasurement type="text/string" name="Command Line">
					<Value>/usr/bin/python3.10 "-u" "/opt/ros/humble/share/ament_cmake_test/cmake/run_test.py" "/home/yahboom/usb/build/usb_cam/test_results/usb_cam/uncrustify.xunit.xml" "--package-name" "usb_cam" "--output-file" "/home/yahboom/usb/build/usb_cam/ament_uncrustify/uncrustify.txt" "--command" "/opt/ros/humble/bin/ament_uncrustify" "--xunit-file" "/home/yahboom/usb/build/usb_cam/test_results/usb_cam/uncrustify.xunit.xml"</Value>
				</NamedMeasurement>
				<NamedMeasurement type="text/string" name="Environment">
					<Value>#CTEST_RESOURCE_GROUP_COUNT=</Value>
				</NamedMeasurement>
				<Measurement>
					<Value>-- run_test.py: invoking following command in '/home/yahboom/usb':
 - /opt/ros/humble/bin/ament_uncrustify --xunit-file /home/yahboom/usb/build/usb_cam/test_results/usb_cam/uncrustify.xunit.xml
Code style divergence in file 'build/usb_cam/CMakeFiles/3.22.1/CompilerIdC/CMakeCCompilerId.c':

--- build/usb_cam/CMakeFiles/3.22.1/CompilerIdC/CMakeCCompilerId.c
+++ build/usb_cam/CMakeFiles/3.22.1/CompilerIdC/CMakeCCompilerId.c.uncrustify
@@ -32 +32 @@
-  /* __INTEL_COMPILER = VRP prior to 2021, and then VVVV for 2021 and later,
+/* __INTEL_COMPILER = VRP prior to 2021, and then VVVV for 2021 and later,
@@ -35,2 +35,2 @@
-#  define COMPILER_VERSION_MAJOR DEC(__INTEL_COMPILER/100)
-#  define COMPILER_VERSION_MINOR DEC(__INTEL_COMPILER/10 % 10)
+#  define COMPILER_VERSION_MAJOR DEC(__INTEL_COMPILER / 100)
+#  define COMPILER_VERSION_MINOR DEC(__INTEL_COMPILER / 10 % 10)
@@ -40 +40 @@
-#   define COMPILER_VERSION_PATCH DEC(__INTEL_COMPILER   % 10)
+#   define COMPILER_VERSION_PATCH DEC(__INTEL_COMPILER % 10)
@@ -45 +45 @@
-   /* The third version component from --version is an update index,
+/* The third version component from --version is an update index,
@@ -50 +50 @@
-   /* __INTEL_COMPILER_BUILD_DATE = YYYYMMDD */
+/* __INTEL_COMPILER_BUILD_DATE = YYYYMMDD */
@@ -54 +54 @@
-   /* _MSC_VER = VVRR */
+/* _MSC_VER = VVRR */
@@ -83,3 +83,3 @@
-# define COMPILER_VERSION_MAJOR DEC(__INTEL_LLVM_COMPILER/100)
-# define COMPILER_VERSION_MINOR DEC(__INTEL_LLVM_COMPILER/10 % 10)
-# define COMPILER_VERSION_PATCH DEC(__INTEL_LLVM_COMPILER    % 10)
+# define COMPILER_VERSION_MAJOR DEC(__INTEL_LLVM_COMPILER / 100)
+# define COMPILER_VERSION_MINOR DEC(__INTEL_LLVM_COMPILER / 10 % 10)
+# define COMPILER_VERSION_PATCH DEC(__INTEL_LLVM_COMPILER % 10)
@@ -87,3 +87,3 @@
-# define COMPILER_VERSION_MAJOR DEC(__INTEL_LLVM_COMPILER/10000)
-# define COMPILER_VERSION_MINOR DEC(__INTEL_LLVM_COMPILER/100 % 100)
-# define COMPILER_VERSION_PATCH DEC(__INTEL_LLVM_COMPILER     % 100)
+# define COMPILER_VERSION_MAJOR DEC(__INTEL_LLVM_COMPILER / 10000)
+# define COMPILER_VERSION_MINOR DEC(__INTEL_LLVM_COMPILER / 100 % 100)
+# define COMPILER_VERSION_PATCH DEC(__INTEL_LLVM_COMPILER % 100)
@@ -92 +92 @@
-  /* _MSC_VER = VVRR */
+/* _MSC_VER = VVRR */
@@ -118,3 +118,3 @@
-# define COMPILER_VERSION_MAJOR HEX(__CODEGEARC_VERSION__&gt;&gt;24 &amp; 0x00FF)
-# define COMPILER_VERSION_MINOR HEX(__CODEGEARC_VERSION__&gt;&gt;16 &amp; 0x00FF)
-# define COMPILER_VERSION_PATCH DEC(__CODEGEARC_VERSION__     &amp; 0xFFFF)
+# define COMPILER_VERSION_MAJOR HEX(__CODEGEARC_VERSION__ &gt;&gt; 24 &amp; 0x00FF)
+# define COMPILER_VERSION_MINOR HEX(__CODEGEARC_VERSION__ &gt;&gt; 16 &amp; 0x00FF)
+# define COMPILER_VERSION_PATCH DEC(__CODEGEARC_VERSION__ &amp; 0xFFFF)
@@ -124,2 +124,2 @@
-  /* __BORLANDC__ = 0xVRR */
-# define COMPILER_VERSION_MAJOR HEX(__BORLANDC__&gt;&gt;8)
+/* __BORLANDC__ = 0xVRR */
+# define COMPILER_VERSION_MAJOR HEX(__BORLANDC__ &gt;&gt; 8)
@@ -130 +130 @@
-   /* __WATCOMC__ = VVRR */
+/* __WATCOMC__ = VVRR */
@@ -139 +139 @@
-   /* __WATCOMC__ = VVRP + 1100 */
+/* __WATCOMC__ = VVRP + 1100 */
@@ -149,4 +149,4 @@
-   /* __SUNPRO_C = 0xVRRP */
-#  define COMPILER_VERSION_MAJOR HEX(__SUNPRO_C&gt;&gt;12)
-#  define COMPILER_VERSION_MINOR HEX(__SUNPRO_C&gt;&gt;4 &amp; 0xFF)
-#  define COMPILER_VERSION_PATCH HEX(__SUNPRO_C    &amp; 0xF)
+/* __SUNPRO_C = 0xVRRP */
+#  define COMPILER_VERSION_MAJOR HEX(__SUNPRO_C &gt;&gt; 12)
+#  define COMPILER_VERSION_MINOR HEX(__SUNPRO_C &gt;&gt; 4 &amp; 0xFF)
+#  define COMPILER_VERSION_PATCH HEX(__SUNPRO_C &amp; 0xF)
@@ -154,4 +154,4 @@
-   /* __SUNPRO_CC = 0xVRP */
-#  define COMPILER_VERSION_MAJOR HEX(__SUNPRO_C&gt;&gt;8)
-#  define COMPILER_VERSION_MINOR HEX(__SUNPRO_C&gt;&gt;4 &amp; 0xF)
-#  define COMPILER_VERSION_PATCH HEX(__SUNPRO_C    &amp; 0xF)
+/* __SUNPRO_CC = 0xVRP */
+#  define COMPILER_VERSION_MAJOR HEX(__SUNPRO_C &gt;&gt; 8)
+#  define COMPILER_VERSION_MINOR HEX(__SUNPRO_C &gt;&gt; 4 &amp; 0xF)
+#  define COMPILER_VERSION_PATCH HEX(__SUNPRO_C &amp; 0xF)
@@ -162,4 +162,4 @@
-  /* __HP_cc = VVRRPP */
-# define COMPILER_VERSION_MAJOR DEC(__HP_cc/10000)
-# define COMPILER_VERSION_MINOR DEC(__HP_cc/100 % 100)
-# define COMPILER_VERSION_PATCH DEC(__HP_cc     % 100)
+/* __HP_cc = VVRRPP */
+# define COMPILER_VERSION_MAJOR DEC(__HP_cc / 10000)
+# define COMPILER_VERSION_MINOR DEC(__HP_cc / 100 % 100)
+# define COMPILER_VERSION_PATCH DEC(__HP_cc % 100)
@@ -169,4 +169,4 @@
-  /* __DECC_VER = VVRRTPPPP */
-# define COMPILER_VERSION_MAJOR DEC(__DECC_VER/10000000)
-# define COMPILER_VERSION_MINOR DEC(__DECC_VER/100000  % 100)
-# define COMPILER_VERSION_PATCH DEC(__DECC_VER         % 10000)
+/* __DECC_VER = VVRRTPPPP */
+# define COMPILER_VERSION_MAJOR DEC(__DECC_VER / 10000000)
+# define COMPILER_VERSION_MINOR DEC(__DECC_VER / 100000 % 100)
+# define COMPILER_VERSION_PATCH DEC(__DECC_VER % 10000)
@@ -176,4 +176,4 @@
-  /* __IBMC__ = VRP */
-# define COMPILER_VERSION_MAJOR DEC(__IBMC__/100)
-# define COMPILER_VERSION_MINOR DEC(__IBMC__/10 % 10)
-# define COMPILER_VERSION_PATCH DEC(__IBMC__    % 10)
+/* __IBMC__ = VRP */
+# define COMPILER_VERSION_MAJOR DEC(__IBMC__ / 100)
+# define COMPILER_VERSION_MINOR DEC(__IBMC__ / 10 % 10)
+# define COMPILER_VERSION_PATCH DEC(__IBMC__ % 10)
@@ -191,4 +191,4 @@
-  /* __IBMC__ = VRP */
-# define COMPILER_VERSION_MAJOR DEC(__IBMC__/100)
-# define COMPILER_VERSION_MINOR DEC(__IBMC__/10 % 10)
-# define COMPILER_VERSION_PATCH DEC(__IBMC__    % 10)
+/* __IBMC__ = VRP */
+# define COMPILER_VERSION_MAJOR DEC(__IBMC__ / 100)
+# define COMPILER_VERSION_MINOR DEC(__IBMC__ / 10 % 10)
+# define COMPILER_VERSION_PATCH DEC(__IBMC__ % 10)
@@ -198,4 +198,4 @@
-  /* __IBMC__ = VRP */
-# define COMPILER_VERSION_MAJOR DEC(__IBMC__/100)
-# define COMPILER_VERSION_MINOR DEC(__IBMC__/10 % 10)
-# define COMPILER_VERSION_PATCH DEC(__IBMC__    % 10)
+/* __IBMC__ = VRP */
+# define COMPILER_VERSION_MAJOR DEC(__IBMC__ / 100)
+# define COMPILER_VERSION_MINOR DEC(__IBMC__ / 10 % 10)
+# define COMPILER_VERSION_PATCH DEC(__IBMC__ % 10)
@@ -226,4 +226,4 @@
-  /* __TI_COMPILER_VERSION__ = VVVRRRPPP */
-# define COMPILER_VERSION_MAJOR DEC(__TI_COMPILER_VERSION__/1000000)
-# define COMPILER_VERSION_MINOR DEC(__TI_COMPILER_VERSION__/1000   % 1000)
-# define COMPILER_VERSION_PATCH DEC(__TI_COMPILER_VERSION__        % 1000)
+/* __TI_COMPILER_VERSION__ = VVVRRRPPP */
+# define COMPILER_VERSION_MAJOR DEC(__TI_COMPILER_VERSION__ / 1000000)
+# define COMPILER_VERSION_MINOR DEC(__TI_COMPILER_VERSION__ / 1000 % 1000)
+# define COMPILER_VERSION_PATCH DEC(__TI_COMPILER_VERSION__ % 1000)
@@ -261 +261 @@
-# define COMPILER_VERSION_PATCH DEC(__GHS_VERSION_NUMBER      % 10)
+# define COMPILER_VERSION_PATCH DEC(__GHS_VERSION_NUMBER % 10)
@@ -276,4 +276,4 @@
-  /* __ARMCC_VERSION = VRRPPPP */
-  # define COMPILER_VERSION_MAJOR DEC(__ARMCC_VERSION/1000000)
-  # define COMPILER_VERSION_MINOR DEC(__ARMCC_VERSION/10000 % 100)
-  # define COMPILER_VERSION_PATCH DEC(__ARMCC_VERSION     % 10000)
+/* __ARMCC_VERSION = VRRPPPP */
+  # define COMPILER_VERSION_MAJOR DEC(__ARMCC_VERSION / 1000000)
+  # define COMPILER_VERSION_MINOR DEC(__ARMCC_VERSION / 10000 % 100)
+  # define COMPILER_VERSION_PATCH DEC(__ARMCC_VERSION % 10000)
@@ -281,4 +281,4 @@
-  /* __ARMCC_VERSION = VRPPPP */
-  # define COMPILER_VERSION_MAJOR DEC(__ARMCC_VERSION/100000)
-  # define COMPILER_VERSION_MINOR DEC(__ARMCC_VERSION/10000 % 10)
-  # define COMPILER_VERSION_PATCH DEC(__ARMCC_VERSION    % 10000)
+/* __ARMCC_VERSION = VRPPPP */
+  # define COMPILER_VERSION_MAJOR DEC(__ARMCC_VERSION / 100000)
+  # define COMPILER_VERSION_MINOR DEC(__ARMCC_VERSION / 10000 % 10)
+  # define COMPILER_VERSION_PATCH DEC(__ARMCC_VERSION % 10000)
@@ -297 +297 @@
-   /* _MSC_VER = VVRR */
+/* _MSC_VER = VVRR */
@@ -305,3 +305,3 @@
-  # define COMPILER_VERSION_MAJOR DEC(__ARMCOMPILER_VERSION/1000000)
-  # define COMPILER_VERSION_MINOR DEC(__ARMCOMPILER_VERSION/10000 % 100)
-  # define COMPILER_VERSION_PATCH DEC(__ARMCOMPILER_VERSION     % 10000)
+  # define COMPILER_VERSION_MAJOR DEC(__ARMCOMPILER_VERSION / 1000000)
+  # define COMPILER_VERSION_MINOR DEC(__ARMCOMPILER_VERSION / 10000 % 100)
+  # define COMPILER_VERSION_PATCH DEC(__ARMCOMPILER_VERSION % 10000)
@@ -319 +319 @@
-   /* _MSC_VER = VVRR */
+/* _MSC_VER = VVRR */
@@ -336 +336 @@
-  /* _MSC_VER = VVRR */
+/* _MSC_VER = VVRR */
@@ -341 +341 @@
-    /* _MSC_FULL_VER = VVRRPPPPP */
+/* _MSC_FULL_VER = VVRRPPPPP */
@@ -344 +344 @@
-    /* _MSC_FULL_VER = VVRRPPPP */
+/* _MSC_FULL_VER = VVRRPPPP */
@@ -352 +352,2 @@
-#elif defined(__VISUALDSPVERSION__) || defined(__ADSPBLACKFIN__) || defined(__ADSPTS__) || defined(__ADSP21000__)
+#elif defined(__VISUALDSPVERSION__) || defined(__ADSPBLACKFIN__) || defined(__ADSPTS__) || \
+  defined(__ADSP21000__)
@@ -355,4 +356,4 @@
-  /* __VISUALDSPVERSION__ = 0xVVRRPP00 */
-# define COMPILER_VERSION_MAJOR HEX(__VISUALDSPVERSION__&gt;&gt;24)
-# define COMPILER_VERSION_MINOR HEX(__VISUALDSPVERSION__&gt;&gt;16 &amp; 0xFF)
-# define COMPILER_VERSION_PATCH HEX(__VISUALDSPVERSION__&gt;&gt;8  &amp; 0xFF)
+/* __VISUALDSPVERSION__ = 0xVVRRPP00 */
+# define COMPILER_VERSION_MAJOR HEX(__VISUALDSPVERSION__ &gt;&gt; 24)
+# define COMPILER_VERSION_MINOR HEX(__VISUALDSPVERSION__ &gt;&gt; 16 &amp; 0xFF)
+# define COMPILER_VERSION_PATCH HEX(__VISUALDSPVERSION__ &gt;&gt; 8 &amp; 0xFF)
@@ -368 +369,3 @@
-# elif defined(__VER__) &amp;&amp; (defined(__ICCAVR__) || defined(__ICCRX__) || defined(__ICCRH850__) || defined(__ICCRL78__) || defined(__ICC430__) || defined(__ICCRISCV__) || defined(__ICCV850__) || defined(__ICC8051__) || defined(__ICCSTM8__))
+# elif defined(__VER__) &amp;&amp; (defined(__ICCAVR__) || defined(__ICCRX__) || defined(__ICCRH850__) || \
+  defined(__ICCRL78__) || defined(__ICC430__) || defined(__ICCRISCV__) || defined(__ICCV850__) || \
+  defined(__ICC8051__) || defined(__ICCSTM8__))
@@ -370 +373 @@
-#  define COMPILER_VERSION_MINOR DEC((__VER__) - (((__VER__) / 100)*100))
+#  define COMPILER_VERSION_MINOR DEC((__VER__) -(((__VER__) / 100) * 100))
@@ -382,4 +385,4 @@
-  /* SDCC = VRP */
-#  define COMPILER_VERSION_MAJOR DEC(SDCC/100)
-#  define COMPILER_VERSION_MINOR DEC(SDCC/10 % 10)
-#  define COMPILER_VERSION_PATCH DEC(SDCC    % 10)
+/* SDCC = VRP */
+#  define COMPILER_VERSION_MAJOR DEC(SDCC / 100)
+#  define COMPILER_VERSION_MINOR DEC(SDCC / 10 % 10)
+#  define COMPILER_VERSION_PATCH DEC(SDCC % 10)
@@ -403 +406 @@
-char const* info_compiler = "INFO" ":" "compiler[" COMPILER_ID "]";
+char const * info_compiler = "INFO" ":" "compiler[" COMPILER_ID "]";
@@ -405 +408 @@
-char const* info_simulate = "INFO" ":" "simulate[" SIMULATE_ID "]";
+char const * info_simulate = "INFO" ":" "simulate[" SIMULATE_ID "]";
@@ -409 +412 @@
-char const* qnxnto = "INFO" ":" "qnxnto[]";
+char const * qnxnto = "INFO" ":" "qnxnto[]";
@@ -413 +416 @@
-char const *info_cray = "INFO" ":" "compiler_wrapper[CrayPrgEnv]";
+char const * info_cray = "INFO" ":" "compiler_wrapper[CrayPrgEnv]";
@@ -656,9 +659,9 @@
-#define DEC(n)                   \
-  ('0' + (((n) / 10000000)%10)), \
-  ('0' + (((n) / 1000000)%10)),  \
-  ('0' + (((n) / 100000)%10)),   \
-  ('0' + (((n) / 10000)%10)),    \
-  ('0' + (((n) / 1000)%10)),     \
-  ('0' + (((n) / 100)%10)),      \
-  ('0' + (((n) / 10)%10)),       \
-  ('0' +  ((n) % 10))
+#define DEC(n) \
+  ('0' + (((n) / 10000000) % 10)), \
+  ('0' + (((n) / 1000000) % 10)), \
+  ('0' + (((n) / 100000) % 10)), \
+  ('0' + (((n) / 10000) % 10)), \
+  ('0' + (((n) / 1000) % 10)), \
+  ('0' + (((n) / 100) % 10)), \
+  ('0' + (((n) / 10) % 10)), \
+  ('0' + ((n) % 10))
@@ -667,9 +670,9 @@
-#define HEX(n)             \
-  ('0' + ((n)&gt;&gt;28 &amp; 0xF)), \
-  ('0' + ((n)&gt;&gt;24 &amp; 0xF)), \
-  ('0' + ((n)&gt;&gt;20 &amp; 0xF)), \
-  ('0' + ((n)&gt;&gt;16 &amp; 0xF)), \
-  ('0' + ((n)&gt;&gt;12 &amp; 0xF)), \
-  ('0' + ((n)&gt;&gt;8  &amp; 0xF)), \
-  ('0' + ((n)&gt;&gt;4  &amp; 0xF)), \
-  ('0' + ((n)     &amp; 0xF))
+#define HEX(n) \
+  ('0' + ((n) &gt;&gt; 28 &amp; 0xF)), \
+  ('0' + ((n) &gt;&gt; 24 &amp; 0xF)), \
+  ('0' + ((n) &gt;&gt; 20 &amp; 0xF)), \
+  ('0' + ((n) &gt;&gt; 16 &amp; 0xF)), \
+  ('0' + ((n) &gt;&gt; 12 &amp; 0xF)), \
+  ('0' + ((n) &gt;&gt; 8 &amp; 0xF)), \
+  ('0' + ((n) &gt;&gt; 4 &amp; 0xF)), \
+  ('0' + ((n) &amp; 0xF))
@@ -679 +682 @@
-char const* info_version = "INFO" ":" "compiler_version[" COMPILER_VERSION "]";
+char const * info_version = "INFO" ":" "compiler_version[" COMPILER_VERSION "]";
@@ -685 +688 @@
-  'c','o','m','p','i','l','e','r','_','v','e','r','s','i','o','n','[',
+  'c', 'o', 'm', 'p', 'i', 'l', 'e', 'r', '_', 'v', 'e', 'r', 's', 'i', 'o', 'n', '[',
@@ -690 +693 @@
-   '.', COMPILER_VERSION_PATCH,
+  '.', COMPILER_VERSION_PATCH,
@@ -692 +695 @@
-    '.', COMPILER_VERSION_TWEAK,
+  '.', COMPILER_VERSION_TWEAK,
@@ -696 +699,2 @@
-  ']','\0'};
+  ']', '\0'
+};
@@ -703,3 +707,4 @@
-  'c','o','m','p','i','l','e','r','_','v','e','r','s','i','o','n','_',
-  'i','n','t','e','r','n','a','l','[',
-  COMPILER_VERSION_INTERNAL,']','\0'};
+  'c', 'o', 'm', 'p', 'i', 'l', 'e', 'r', '_', 'v', 'e', 'r', 's', 'i', 'o', 'n', '_',
+  'i', 'n', 't', 'e', 'r', 'n', 'a', 'l', '[',
+  COMPILER_VERSION_INTERNAL, ']', '\0'
+};
@@ -707 +712,2 @@
-char const* info_version_internal = "INFO" ":" "compiler_version_internal[" COMPILER_VERSION_INTERNAL_STR "]";
+char const * info_version_internal =
+  "INFO" ":" "compiler_version_internal[" COMPILER_VERSION_INTERNAL_STR "]";
@@ -714 +720 @@
-  's','i','m','u','l','a','t','e','_','v','e','r','s','i','o','n','[',
+  's', 'i', 'm', 'u', 'l', 'a', 't', 'e', '_', 'v', 'e', 'r', 's', 'i', 'o', 'n', '[',
@@ -719 +725 @@
-   '.', SIMULATE_VERSION_PATCH,
+  '.', SIMULATE_VERSION_PATCH,
@@ -721 +727 @@
-    '.', SIMULATE_VERSION_TWEAK,
+  '.', SIMULATE_VERSION_TWEAK,
@@ -725 +731,2 @@
-  ']','\0'};
+  ']', '\0'
+};
@@ -732,3 +739,2 @@
-char const* info_platform = "INFO" ":" "platform[" PLATFORM_ID "]";
-char const* info_arch = "INFO" ":" "arch[" ARCHITECTURE_ID "]";
-
+char const * info_platform = "INFO" ":" "platform[" PLATFORM_ID "]";
+char const * info_arch = "INFO" ":" "arch[" ARCHITECTURE_ID "]";
@@ -754 +760 @@
-const char* info_language_standard_default =
+const char * info_language_standard_default =
@@ -757 +763 @@
-const char* info_language_extensions_default = "INFO" ":" "extensions_default["
+const char * info_language_extensions_default = "INFO" ":" "extensions_default["
@@ -759,2 +765,2 @@
-#if (defined(__clang__) || defined(__GNUC__) ||                               \
-     defined(__TI_COMPILER_VERSION__)) &amp;&amp;                                     \
+#if (defined(__clang__) || defined(__GNUC__) || \
+  defined(__TI_COMPILER_VERSION__)) &amp;&amp; \
@@ -766 +772 @@
-"]";
+  "]";
@@ -774 +780 @@
-int main(argc, argv) int argc; char *argv[];
+int main(argc, argv) int argc; char * argv[];
@@ -776 +782 @@
-int main(int argc, char* argv[])
+int main(int argc, char * argv[])

Code style divergence in file 'build/usb_cam/CMakeFiles/3.22.1/CompilerIdCXX/CMakeCXXCompilerId.cpp':

--- build/usb_cam/CMakeFiles/3.22.1/CompilerIdCXX/CMakeCXXCompilerId.cpp
+++ build/usb_cam/CMakeFiles/3.22.1/CompilerIdCXX/CMakeCXXCompilerId.cpp.uncrustify
@@ -20 +20 @@
-  /* __COMO_VERSION__ = VRR */
+/* __COMO_VERSION__ = VRR */
@@ -32 +32 @@
-  /* __INTEL_COMPILER = VRP prior to 2021, and then VVVV for 2021 and later,
+/* __INTEL_COMPILER = VRP prior to 2021, and then VVVV for 2021 and later,
@@ -35,2 +35,2 @@
-#  define COMPILER_VERSION_MAJOR DEC(__INTEL_COMPILER/100)
-#  define COMPILER_VERSION_MINOR DEC(__INTEL_COMPILER/10 % 10)
+#  define COMPILER_VERSION_MAJOR DEC(__INTEL_COMPILER / 100)
+#  define COMPILER_VERSION_MINOR DEC(__INTEL_COMPILER / 10 % 10)
@@ -40 +40 @@
-#   define COMPILER_VERSION_PATCH DEC(__INTEL_COMPILER   % 10)
+#   define COMPILER_VERSION_PATCH DEC(__INTEL_COMPILER % 10)
@@ -45 +45 @@
-   /* The third version component from --version is an update index,
+/* The third version component from --version is an update index,
@@ -50 +50 @@
-   /* __INTEL_COMPILER_BUILD_DATE = YYYYMMDD */
+/* __INTEL_COMPILER_BUILD_DATE = YYYYMMDD */
@@ -54 +54 @@
-   /* _MSC_VER = VVRR */
+/* _MSC_VER = VVRR */
@@ -83,3 +83,3 @@
-# define COMPILER_VERSION_MAJOR DEC(__INTEL_LLVM_COMPILER/100)
-# define COMPILER_VERSION_MINOR DEC(__INTEL_LLVM_COMPILER/10 % 10)
-# define COMPILER_VERSION_PATCH DEC(__INTEL_LLVM_COMPILER    % 10)
+# define COMPILER_VERSION_MAJOR DEC(__INTEL_LLVM_COMPILER / 100)
+# define COMPILER_VERSION_MINOR DEC(__INTEL_LLVM_COMPILER / 10 % 10)
+# define COMPILER_VERSION_PATCH DEC(__INTEL_LLVM_COMPILER % 10)
@@ -87,3 +87,3 @@
-# define COMPILER_VERSION_MAJOR DEC(__INTEL_LLVM_COMPILER/10000)
-# define COMPILER_VERSION_MINOR DEC(__INTEL_LLVM_COMPILER/100 % 100)
-# define COMPILER_VERSION_PATCH DEC(__INTEL_LLVM_COMPILER     % 100)
+# define COMPILER_VERSION_MAJOR DEC(__INTEL_LLVM_COMPILER / 10000)
+# define COMPILER_VERSION_MINOR DEC(__INTEL_LLVM_COMPILER / 100 % 100)
+# define COMPILER_VERSION_PATCH DEC(__INTEL_LLVM_COMPILER % 100)
@@ -92 +92 @@
-  /* _MSC_VER = VVRR */
+/* _MSC_VER = VVRR */
@@ -118,3 +118,3 @@
-# define COMPILER_VERSION_MAJOR HEX(__CODEGEARC_VERSION__&gt;&gt;24 &amp; 0x00FF)
-# define COMPILER_VERSION_MINOR HEX(__CODEGEARC_VERSION__&gt;&gt;16 &amp; 0x00FF)
-# define COMPILER_VERSION_PATCH DEC(__CODEGEARC_VERSION__     &amp; 0xFFFF)
+# define COMPILER_VERSION_MAJOR HEX(__CODEGEARC_VERSION__ &gt;&gt; 24 &amp; 0x00FF)
+# define COMPILER_VERSION_MINOR HEX(__CODEGEARC_VERSION__ &gt;&gt; 16 &amp; 0x00FF)
+# define COMPILER_VERSION_PATCH DEC(__CODEGEARC_VERSION__ &amp; 0xFFFF)
@@ -124,2 +124,2 @@
-  /* __BORLANDC__ = 0xVRR */
-# define COMPILER_VERSION_MAJOR HEX(__BORLANDC__&gt;&gt;8)
+/* __BORLANDC__ = 0xVRR */
+# define COMPILER_VERSION_MAJOR HEX(__BORLANDC__ &gt;&gt; 8)
@@ -130 +130 @@
-   /* __WATCOMC__ = VVRR */
+/* __WATCOMC__ = VVRR */
@@ -139 +139 @@
-   /* __WATCOMC__ = VVRP + 1100 */
+/* __WATCOMC__ = VVRP + 1100 */
@@ -149,4 +149,4 @@
-   /* __SUNPRO_CC = 0xVRRP */
-#  define COMPILER_VERSION_MAJOR HEX(__SUNPRO_CC&gt;&gt;12)
-#  define COMPILER_VERSION_MINOR HEX(__SUNPRO_CC&gt;&gt;4 &amp; 0xFF)
-#  define COMPILER_VERSION_PATCH HEX(__SUNPRO_CC    &amp; 0xF)
+/* __SUNPRO_CC = 0xVRRP */
+#  define COMPILER_VERSION_MAJOR HEX(__SUNPRO_CC &gt;&gt; 12)
+#  define COMPILER_VERSION_MINOR HEX(__SUNPRO_CC &gt;&gt; 4 &amp; 0xFF)
+#  define COMPILER_VERSION_PATCH HEX(__SUNPRO_CC &amp; 0xF)
@@ -154,4 +154,4 @@
-   /* __SUNPRO_CC = 0xVRP */
-#  define COMPILER_VERSION_MAJOR HEX(__SUNPRO_CC&gt;&gt;8)
-#  define COMPILER_VERSION_MINOR HEX(__SUNPRO_CC&gt;&gt;4 &amp; 0xF)
-#  define COMPILER_VERSION_PATCH HEX(__SUNPRO_CC    &amp; 0xF)
+/* __SUNPRO_CC = 0xVRP */
+#  define COMPILER_VERSION_MAJOR HEX(__SUNPRO_CC &gt;&gt; 8)
+#  define COMPILER_VERSION_MINOR HEX(__SUNPRO_CC &gt;&gt; 4 &amp; 0xF)
+#  define COMPILER_VERSION_PATCH HEX(__SUNPRO_CC &amp; 0xF)
@@ -162,4 +162,4 @@
-  /* __HP_aCC = VVRRPP */
-# define COMPILER_VERSION_MAJOR DEC(__HP_aCC/10000)
-# define COMPILER_VERSION_MINOR DEC(__HP_aCC/100 % 100)
-# define COMPILER_VERSION_PATCH DEC(__HP_aCC     % 100)
+/* __HP_aCC = VVRRPP */
+# define COMPILER_VERSION_MAJOR DEC(__HP_aCC / 10000)
+# define COMPILER_VERSION_MINOR DEC(__HP_aCC / 100 % 100)
+# define COMPILER_VERSION_PATCH DEC(__HP_aCC % 100)
@@ -169,4 +169,4 @@
-  /* __DECCXX_VER = VVRRTPPPP */
-# define COMPILER_VERSION_MAJOR DEC(__DECCXX_VER/10000000)
-# define COMPILER_VERSION_MINOR DEC(__DECCXX_VER/100000  % 100)
-# define COMPILER_VERSION_PATCH DEC(__DECCXX_VER         % 10000)
+/* __DECCXX_VER = VVRRTPPPP */
+# define COMPILER_VERSION_MAJOR DEC(__DECCXX_VER / 10000000)
+# define COMPILER_VERSION_MINOR DEC(__DECCXX_VER / 100000 % 100)
+# define COMPILER_VERSION_PATCH DEC(__DECCXX_VER % 10000)
@@ -176,4 +176,4 @@
-  /* __IBMCPP__ = VRP */
-# define COMPILER_VERSION_MAJOR DEC(__IBMCPP__/100)
-# define COMPILER_VERSION_MINOR DEC(__IBMCPP__/10 % 10)
-# define COMPILER_VERSION_PATCH DEC(__IBMCPP__    % 10)
+/* __IBMCPP__ = VRP */
+# define COMPILER_VERSION_MAJOR DEC(__IBMCPP__ / 100)
+# define COMPILER_VERSION_MINOR DEC(__IBMCPP__ / 10 % 10)
+# define COMPILER_VERSION_PATCH DEC(__IBMCPP__ % 10)
@@ -191,4 +191,4 @@
-  /* __IBMCPP__ = VRP */
-# define COMPILER_VERSION_MAJOR DEC(__IBMCPP__/100)
-# define COMPILER_VERSION_MINOR DEC(__IBMCPP__/10 % 10)
-# define COMPILER_VERSION_PATCH DEC(__IBMCPP__    % 10)
+/* __IBMCPP__ = VRP */
+# define COMPILER_VERSION_MAJOR DEC(__IBMCPP__ / 100)
+# define COMPILER_VERSION_MINOR DEC(__IBMCPP__ / 10 % 10)
+# define COMPILER_VERSION_PATCH DEC(__IBMCPP__ % 10)
@@ -198,4 +198,4 @@
-  /* __IBMCPP__ = VRP */
-# define COMPILER_VERSION_MAJOR DEC(__IBMCPP__/100)
-# define COMPILER_VERSION_MINOR DEC(__IBMCPP__/10 % 10)
-# define COMPILER_VERSION_PATCH DEC(__IBMCPP__    % 10)
+/* __IBMCPP__ = VRP */
+# define COMPILER_VERSION_MAJOR DEC(__IBMCPP__ / 100)
+# define COMPILER_VERSION_MINOR DEC(__IBMCPP__ / 10 % 10)
+# define COMPILER_VERSION_PATCH DEC(__IBMCPP__ % 10)
@@ -226,4 +226,4 @@
-  /* __TI_COMPILER_VERSION__ = VVVRRRPPP */
-# define COMPILER_VERSION_MAJOR DEC(__TI_COMPILER_VERSION__/1000000)
-# define COMPILER_VERSION_MINOR DEC(__TI_COMPILER_VERSION__/1000   % 1000)
-# define COMPILER_VERSION_PATCH DEC(__TI_COMPILER_VERSION__        % 1000)
+/* __TI_COMPILER_VERSION__ = VVVRRRPPP */
+# define COMPILER_VERSION_MAJOR DEC(__TI_COMPILER_VERSION__ / 1000000)
+# define COMPILER_VERSION_MINOR DEC(__TI_COMPILER_VERSION__ / 1000 % 1000)
+# define COMPILER_VERSION_PATCH DEC(__TI_COMPILER_VERSION__ % 1000)
@@ -261 +261 @@
-# define COMPILER_VERSION_PATCH DEC(__GHS_VERSION_NUMBER      % 10)
+# define COMPILER_VERSION_PATCH DEC(__GHS_VERSION_NUMBER % 10)
@@ -270,4 +270,4 @@
-  /* __ARMCC_VERSION = VRRPPPP */
-  # define COMPILER_VERSION_MAJOR DEC(__ARMCC_VERSION/1000000)
-  # define COMPILER_VERSION_MINOR DEC(__ARMCC_VERSION/10000 % 100)
-  # define COMPILER_VERSION_PATCH DEC(__ARMCC_VERSION     % 10000)
+/* __ARMCC_VERSION = VRRPPPP */
+  # define COMPILER_VERSION_MAJOR DEC(__ARMCC_VERSION / 1000000)
+  # define COMPILER_VERSION_MINOR DEC(__ARMCC_VERSION / 10000 % 100)
+  # define COMPILER_VERSION_PATCH DEC(__ARMCC_VERSION % 10000)
@@ -275,4 +275,4 @@
-  /* __ARMCC_VERSION = VRPPPP */
-  # define COMPILER_VERSION_MAJOR DEC(__ARMCC_VERSION/100000)
-  # define COMPILER_VERSION_MINOR DEC(__ARMCC_VERSION/10000 % 10)
-  # define COMPILER_VERSION_PATCH DEC(__ARMCC_VERSION    % 10000)
+/* __ARMCC_VERSION = VRPPPP */
+  # define COMPILER_VERSION_MAJOR DEC(__ARMCC_VERSION / 100000)
+  # define COMPILER_VERSION_MINOR DEC(__ARMCC_VERSION / 10000 % 10)
+  # define COMPILER_VERSION_PATCH DEC(__ARMCC_VERSION % 10000)
@@ -291 +291 @@
-   /* _MSC_VER = VVRR */
+/* _MSC_VER = VVRR */
@@ -299,3 +299,3 @@
-  # define COMPILER_VERSION_MAJOR DEC(__ARMCOMPILER_VERSION/1000000)
-  # define COMPILER_VERSION_MINOR DEC(__ARMCOMPILER_VERSION/10000 % 100)
-  # define COMPILER_VERSION_PATCH DEC(__ARMCOMPILER_VERSION     % 10000)
+  # define COMPILER_VERSION_MAJOR DEC(__ARMCOMPILER_VERSION / 1000000)
+  # define COMPILER_VERSION_MINOR DEC(__ARMCOMPILER_VERSION / 10000 % 100)
+  # define COMPILER_VERSION_PATCH DEC(__ARMCOMPILER_VERSION % 10000)
@@ -313 +313 @@
-   /* _MSC_VER = VVRR */
+/* _MSC_VER = VVRR */
@@ -334 +334 @@
-  /* _MSC_VER = VVRR */
+/* _MSC_VER = VVRR */
@@ -339 +339 @@
-    /* _MSC_FULL_VER = VVRRPPPPP */
+/* _MSC_FULL_VER = VVRRPPPPP */
@@ -342 +342 @@
-    /* _MSC_FULL_VER = VVRRPPPP */
+/* _MSC_FULL_VER = VVRRPPPP */
@@ -350 +350,2 @@
-#elif defined(__VISUALDSPVERSION__) || defined(__ADSPBLACKFIN__) || defined(__ADSPTS__) || defined(__ADSP21000__)
+#elif defined(__VISUALDSPVERSION__) || defined(__ADSPBLACKFIN__) || defined(__ADSPTS__) || \
+  defined(__ADSP21000__)
@@ -353,4 +354,4 @@
-  /* __VISUALDSPVERSION__ = 0xVVRRPP00 */
-# define COMPILER_VERSION_MAJOR HEX(__VISUALDSPVERSION__&gt;&gt;24)
-# define COMPILER_VERSION_MINOR HEX(__VISUALDSPVERSION__&gt;&gt;16 &amp; 0xFF)
-# define COMPILER_VERSION_PATCH HEX(__VISUALDSPVERSION__&gt;&gt;8  &amp; 0xFF)
+/* __VISUALDSPVERSION__ = 0xVVRRPP00 */
+# define COMPILER_VERSION_MAJOR HEX(__VISUALDSPVERSION__ &gt;&gt; 24)
+# define COMPILER_VERSION_MINOR HEX(__VISUALDSPVERSION__ &gt;&gt; 16 &amp; 0xFF)
+# define COMPILER_VERSION_PATCH HEX(__VISUALDSPVERSION__ &gt;&gt; 8 &amp; 0xFF)
@@ -366 +367,3 @@
-# elif defined(__VER__) &amp;&amp; (defined(__ICCAVR__) || defined(__ICCRX__) || defined(__ICCRH850__) || defined(__ICCRL78__) || defined(__ICC430__) || defined(__ICCRISCV__) || defined(__ICCV850__) || defined(__ICC8051__) || defined(__ICCSTM8__))
+# elif defined(__VER__) &amp;&amp; (defined(__ICCAVR__) || defined(__ICCRX__) || defined(__ICCRH850__) || \
+  defined(__ICCRL78__) || defined(__ICC430__) || defined(__ICCRISCV__) || defined(__ICCV850__) || \
+  defined(__ICC8051__) || defined(__ICCSTM8__))
@@ -368 +371 @@
-#  define COMPILER_VERSION_MINOR DEC((__VER__) - (((__VER__) / 100)*100))
+#  define COMPILER_VERSION_MINOR DEC((__VER__) -(((__VER__) / 100) * 100))
@@ -388 +391 @@
-char const* info_compiler = "INFO" ":" "compiler[" COMPILER_ID "]";
+char const * info_compiler = "INFO" ":" "compiler[" COMPILER_ID "]";
@@ -390 +393 @@
-char const* info_simulate = "INFO" ":" "simulate[" SIMULATE_ID "]";
+char const * info_simulate = "INFO" ":" "simulate[" SIMULATE_ID "]";
@@ -394 +397 @@
-char const* qnxnto = "INFO" ":" "qnxnto[]";
+char const * qnxnto = "INFO" ":" "qnxnto[]";
@@ -398 +401 @@
-char const *info_cray = "INFO" ":" "compiler_wrapper[CrayPrgEnv]";
+char const * info_cray = "INFO" ":" "compiler_wrapper[CrayPrgEnv]";
@@ -641,9 +644,9 @@
-#define DEC(n)                   \
-  ('0' + (((n) / 10000000)%10)), \
-  ('0' + (((n) / 1000000)%10)),  \
-  ('0' + (((n) / 100000)%10)),   \
-  ('0' + (((n) / 10000)%10)),    \
-  ('0' + (((n) / 1000)%10)),     \
-  ('0' + (((n) / 100)%10)),      \
-  ('0' + (((n) / 10)%10)),       \
-  ('0' +  ((n) % 10))
+#define DEC(n) \
+  ('0' + (((n) / 10000000) % 10)), \
+  ('0' + (((n) / 1000000) % 10)), \
+  ('0' + (((n) / 100000) % 10)), \
+  ('0' + (((n) / 10000) % 10)), \
+  ('0' + (((n) / 1000) % 10)), \
+  ('0' + (((n) / 100) % 10)), \
+  ('0' + (((n) / 10) % 10)), \
+  ('0' + ((n) % 10))
@@ -652,9 +655,9 @@
-#define HEX(n)             \
-  ('0' + ((n)&gt;&gt;28 &amp; 0xF)), \
-  ('0' + ((n)&gt;&gt;24 &amp; 0xF)), \
-  ('0' + ((n)&gt;&gt;20 &amp; 0xF)), \
-  ('0' + ((n)&gt;&gt;16 &amp; 0xF)), \
-  ('0' + ((n)&gt;&gt;12 &amp; 0xF)), \
-  ('0' + ((n)&gt;&gt;8  &amp; 0xF)), \
-  ('0' + ((n)&gt;&gt;4  &amp; 0xF)), \
-  ('0' + ((n)     &amp; 0xF))
+#define HEX(n) \
+  ('0' + ((n) &gt;&gt; 28 &amp; 0xF)), \
+  ('0' + ((n) &gt;&gt; 24 &amp; 0xF)), \
+  ('0' + ((n) &gt;&gt; 20 &amp; 0xF)), \
+  ('0' + ((n) &gt;&gt; 16 &amp; 0xF)), \
+  ('0' + ((n) &gt;&gt; 12 &amp; 0xF)), \
+  ('0' + ((n) &gt;&gt; 8 &amp; 0xF)), \
+  ('0' + ((n) &gt;&gt; 4 &amp; 0xF)), \
+  ('0' + ((n) &amp; 0xF))
@@ -664 +667 @@
-char const* info_version = "INFO" ":" "compiler_version[" COMPILER_VERSION "]";
+char const * info_version = "INFO" ":" "compiler_version[" COMPILER_VERSION "]";
@@ -670 +673 @@
-  'c','o','m','p','i','l','e','r','_','v','e','r','s','i','o','n','[',
+  'c', 'o', 'm', 'p', 'i', 'l', 'e', 'r', '_', 'v', 'e', 'r', 's', 'i', 'o', 'n', '[',
@@ -675 +678 @@
-   '.', COMPILER_VERSION_PATCH,
+  '.', COMPILER_VERSION_PATCH,
@@ -677 +680 @@
-    '.', COMPILER_VERSION_TWEAK,
+  '.', COMPILER_VERSION_TWEAK,
@@ -681 +684 @@
-  ']','\0'};
+  ']', '\0'};
@@ -688,3 +691,3 @@
-  'c','o','m','p','i','l','e','r','_','v','e','r','s','i','o','n','_',
-  'i','n','t','e','r','n','a','l','[',
-  COMPILER_VERSION_INTERNAL,']','\0'};
+  'c', 'o', 'm', 'p', 'i', 'l', 'e', 'r', '_', 'v', 'e', 'r', 's', 'i', 'o', 'n', '_',
+  'i', 'n', 't', 'e', 'r', 'n', 'a', 'l', '[',
+  COMPILER_VERSION_INTERNAL, ']', '\0'};
@@ -692 +695,2 @@
-char const* info_version_internal = "INFO" ":" "compiler_version_internal[" COMPILER_VERSION_INTERNAL_STR "]";
+char const * info_version_internal =
+  "INFO" ":" "compiler_version_internal[" COMPILER_VERSION_INTERNAL_STR "]";
@@ -699 +703 @@
-  's','i','m','u','l','a','t','e','_','v','e','r','s','i','o','n','[',
+  's', 'i', 'm', 'u', 'l', 'a', 't', 'e', '_', 'v', 'e', 'r', 's', 'i', 'o', 'n', '[',
@@ -704 +708 @@
-   '.', SIMULATE_VERSION_PATCH,
+  '.', SIMULATE_VERSION_PATCH,
@@ -706 +710 @@
-    '.', SIMULATE_VERSION_TWEAK,
+  '.', SIMULATE_VERSION_TWEAK,
@@ -710 +714 @@
-  ']','\0'};
+  ']', '\0'};
@@ -717,3 +721,2 @@
-char const* info_platform = "INFO" ":" "platform[" PLATFORM_ID "]";
-char const* info_arch = "INFO" ":" "arch[" ARCHITECTURE_ID "]";
-
+char const * info_platform = "INFO" ":" "platform[" PLATFORM_ID "]";
+char const * info_arch = "INFO" ":" "arch[" ARCHITECTURE_ID "]";
@@ -738 +741 @@
-const char* info_language_standard_default = "INFO" ":" "standard_default["
+const char * info_language_standard_default = "INFO" ":" "standard_default["
@@ -752,3 +755,3 @@
-"]";
-
-const char* info_language_extensions_default = "INFO" ":" "extensions_default["
+  "]";
+
+const char * info_language_extensions_default = "INFO" ":" "extensions_default["
@@ -756,2 +759,2 @@
-#if (defined(__clang__) || defined(__GNUC__) ||                               \
-     defined(__TI_COMPILER_VERSION__)) &amp;&amp;                                     \
+#if (defined(__clang__) || defined(__GNUC__) || \
+  defined(__TI_COMPILER_VERSION__)) &amp;&amp; \
@@ -763 +766 @@
-"]";
+  "]";
@@ -767 +770 @@
-int main(int argc, char* argv[])
+int main(int argc, char * argv[])

Code style divergence in file 'build/usb_cam/rclcpp_components/node_main_usb_cam_node_exe.cpp':

--- build/usb_cam/rclcpp_components/node_main_usb_cam_node_exe.cpp
+++ build/usb_cam/rclcpp_components/node_main_usb_cam_node_exe.cpp.uncrustify
@@ -33 +33 @@
-  std::vector&lt;class_loader::ClassLoader * &gt; loaders;
+  std::vector&lt;class_loader::ClassLoader *&gt; loaders;

Code style divergence in file 'include/usb_cam/usb_cam.hpp':

--- include/usb_cam/usb_cam.hpp
+++ include/usb_cam/usb_cam.hpp.uncrustify
@@ -425 +425,2 @@
-        fmt.v4l2_fmt.pixel_format == found_driver_format-&gt;v4l2()) {
+        fmt.v4l2_fmt.pixel_format == found_driver_format-&gt;v4l2())
+      {
@@ -431,3 +432,3 @@
-      "Specified resolution `" + std::to_string(parameters.image_width) +
-      "x" + std::to_string(parameters.image_height) +
-      "` is unsupported by `" + parameters.device_name + "`"
+            "Specified resolution `" + std::to_string(parameters.image_width) +
+            "x" + std::to_string(parameters.image_height) +
+            "` is unsupported by `" + parameters.device_name + "`"

Code style divergence in file 'install/usb_cam/include/usb_cam/usb_cam.hpp':

--- install/usb_cam/include/usb_cam/usb_cam.hpp
+++ install/usb_cam/include/usb_cam/usb_cam.hpp.uncrustify
@@ -425 +425,2 @@
-        fmt.v4l2_fmt.pixel_format == found_driver_format-&gt;v4l2()) {
+        fmt.v4l2_fmt.pixel_format == found_driver_format-&gt;v4l2())
+      {
@@ -431,3 +432,3 @@
-      "Specified resolution `" + std::to_string(parameters.image_width) +
-      "x" + std::to_string(parameters.image_height) +
-      "` is unsupported by `" + parameters.device_name + "`"
+            "Specified resolution `" + std::to_string(parameters.image_width) +
+            "x" + std::to_string(parameters.image_height) +
+            "` is unsupported by `" + parameters.device_name + "`"

Code style divergence in file 'src/usb_cam_node.cpp':

--- src/usb_cam_node.cpp
+++ src/usb_cam_node.cpp.uncrustify
@@ -245 +245,3 @@
-    RCLCPP_INFO(this-&gt;get_logger(), "Low latency mode enabled: publishing immediately after capture");
+    RCLCPP_INFO(
+      this-&gt;get_logger(),
+      "Low latency mode enabled: publishing immediately after capture");
@@ -477 +479,2 @@
-      (m_parameters.pixel_format_name == "mjpeg") ? take_and_send_image_mjpeg() : take_and_send_image();
+      (m_parameters.pixel_format_name ==
+      "mjpeg") ? take_and_send_image_mjpeg() : take_and_send_image();

6 files with code style divergence
No code style divergence in file 'include/usb_cam/constants.hpp'

No code style divergence in file 'include/usb_cam/conversions.hpp'

No code style divergence in file 'include/usb_cam/formats/av_pixel_format_helper.hpp'

No code style divergence in file 'include/usb_cam/formats/m420.hpp'

No code style divergence in file 'include/usb_cam/formats/mjpeg.hpp'

No code style divergence in file 'include/usb_cam/formats/mono.hpp'

No code style divergence in file 'include/usb_cam/formats/pixel_format_base.hpp'

No code style divergence in file 'include/usb_cam/formats/rgb.hpp'

No code style divergence in file 'include/usb_cam/formats/utils.hpp'

No code style divergence in file 'include/usb_cam/formats/uyvy.hpp'

No code style divergence in file 'include/usb_cam/formats/yuyv.hpp'

No code style divergence in file 'include/usb_cam/usb_cam_node.hpp'

No code style divergence in file 'include/usb_cam/utils.hpp'

No code style divergence in file 'install/usb_cam/include/usb_cam/constants.hpp'

No code style divergence in file 'install/usb_cam/include/usb_cam/conversions.hpp'

No code style divergence in file 'install/usb_cam/include/usb_cam/formats/av_pixel_format_helper.hpp'

No code style divergence in file 'install/usb_cam/include/usb_cam/formats/m420.hpp'

No code style divergence in file 'install/usb_cam/include/usb_cam/formats/mjpeg.hpp'

No code style divergence in file 'install/usb_cam/include/usb_cam/formats/mono.hpp'

No code style divergence in file 'install/usb_cam/include/usb_cam/formats/pixel_format_base.hpp'

No code style divergence in file 'install/usb_cam/include/usb_cam/formats/rgb.hpp'

No code style divergence in file 'install/usb_cam/include/usb_cam/formats/utils.hpp'

No code style divergence in file 'install/usb_cam/include/usb_cam/formats/uyvy.hpp'

No code style divergence in file 'install/usb_cam/include/usb_cam/formats/yuyv.hpp'

No code style divergence in file 'install/usb_cam/include/usb_cam/usb_cam_node.hpp'

No code style divergence in file 'install/usb_cam/include/usb_cam/utils.hpp'

No code style divergence in file 'src/usb_cam.cpp'

No code style divergence in file 'test/gtest_main.cpp'

No code style divergence in file 'test/test_pixel_formats.cpp'

No code style divergence in file 'test/test_usb_cam_lib.cpp'

No code style divergence in file 'test/test_usb_cam_utils.cpp'

-- run_test.py: return code 1
-- run_test.py: verify result file '/home/yahboom/usb/build/usb_cam/test_results/usb_cam/uncrustify.xunit.xml'
</Value>
				</Measurement>
			</Results>
			<Labels>
				<Label>linter</Label>
				<Label>uncrustify</Label>
			</Labels>
		</Test>
		<Test Status="failed">
			<Name>xmllint</Name>
			<Path>.</Path>
			<FullName>./xmllint</FullName>
			<FullCommandLine>/usr/bin/python3.10 "-u" "/opt/ros/humble/share/ament_cmake_test/cmake/run_test.py" "/home/yahboom/usb/build/usb_cam/test_results/usb_cam/xmllint.xunit.xml" "--package-name" "usb_cam" "--output-file" "/home/yahboom/usb/build/usb_cam/ament_xmllint/xmllint.txt" "--command" "/opt/ros/humble/bin/ament_xmllint" "--xunit-file" "/home/yahboom/usb/build/usb_cam/test_results/usb_cam/xmllint.xunit.xml"</FullCommandLine>
			<Results>
				<NamedMeasurement type="text/string" name="Exit Code">
					<Value>Failed</Value>
				</NamedMeasurement>
				<NamedMeasurement type="text/string" name="Exit Value">
					<Value>1</Value>
				</NamedMeasurement>
				<NamedMeasurement type="numeric/double" name="Execution Time">
					<Value>0.206141</Value>
				</NamedMeasurement>
				<NamedMeasurement type="numeric/double" name="Processors">
					<Value>1</Value>
				</NamedMeasurement>
				<NamedMeasurement type="text/string" name="Completion Status">
					<Value>Completed</Value>
				</NamedMeasurement>
				<NamedMeasurement type="text/string" name="Command Line">
					<Value>/usr/bin/python3.10 "-u" "/opt/ros/humble/share/ament_cmake_test/cmake/run_test.py" "/home/yahboom/usb/build/usb_cam/test_results/usb_cam/xmllint.xunit.xml" "--package-name" "usb_cam" "--output-file" "/home/yahboom/usb/build/usb_cam/ament_xmllint/xmllint.txt" "--command" "/opt/ros/humble/bin/ament_xmllint" "--xunit-file" "/home/yahboom/usb/build/usb_cam/test_results/usb_cam/xmllint.xunit.xml"</Value>
				</NamedMeasurement>
				<NamedMeasurement type="text/string" name="Environment">
					<Value>#CTEST_RESOURCE_GROUP_COUNT=</Value>
				</NamedMeasurement>
				<Measurement>
					<Value>-- run_test.py: invoking following command in '/home/yahboom/usb':
 - /opt/ros/humble/bin/ament_xmllint --xunit-file /home/yahboom/usb/build/usb_cam/test_results/usb_cam/xmllint.xunit.xml
File 'package.xml' is invalid:
error : Operation not permitted
warning: failed to load external entity "http://download.ros.org/schema/package_format3.xsd"
Schemas parser error : Failed to locate the main schema resource at 'http://download.ros.org/schema/package_format3.xsd'.
WXS schema http://download.ros.org/schema/package_format3.xsd failed to compile

File 'install/usb_cam/share/usb_cam/package.xml' is invalid:
error : Operation not permitted
warning: failed to load external entity "http://download.ros.org/schema/package_format3.xsd"
Schemas parser error : Failed to locate the main schema resource at 'http://download.ros.org/schema/package_format3.xsd'.
WXS schema http://download.ros.org/schema/package_format3.xsd failed to compile

2 files are invalid
File 'build/usb_cam/test_results/usb_cam/copyright.xunit.xml' is valid

File 'build/usb_cam/test_results/usb_cam/cppcheck.xunit.xml' is valid

File 'build/usb_cam/test_results/usb_cam/cpplint.xunit.xml' is valid

File 'build/usb_cam/test_results/usb_cam/flake8.xunit.xml' is valid

File 'build/usb_cam/test_results/usb_cam/lint_cmake.xunit.xml' is valid

File 'build/usb_cam/test_results/usb_cam/pep257.xunit.xml' is valid

File 'build/usb_cam/test_results/usb_cam/test_pixel_formats.gtest.xml' is valid

File 'build/usb_cam/test_results/usb_cam/test_usb_cam_utils.gtest.xml' is valid

File 'build/usb_cam/test_results/usb_cam/uncrustify.xunit.xml' is valid

File 'build/usb_cam/test_results/usb_cam/xmllint.xunit.xml' is valid

-- run_test.py: return code 1
-- run_test.py: verify result file '/home/yahboom/usb/build/usb_cam/test_results/usb_cam/xmllint.xunit.xml'
</Value>
				</Measurement>
			</Results>
			<Labels>
				<Label>linter</Label>
				<Label>xmllint</Label>
			</Labels>
		</Test>
		<EndDateTime>Apr 29 12:11 CST</EndDateTime>
		<EndTestTime>1777435880</EndTestTime>
		<ElapsedMinutes>0</ElapsedMinutes>
	</Testing>
</Site>
